2025-12-13 18:51:43,392 [INFO] β… μ„¤μ • λ΅λ“ μ™„λ£. μ΄ 28κ°μ λ¬Έκµ¬ ν¨ν„΄μ„ μ²λ¦¬ν•©λ‹λ‹¤.
2025-12-13 18:51:43,392 [INFO] π€ λ°°μΉ μ‘μ—… μ‹μ‘
2025-12-13 18:51:43,392 [INFO] π“‚ μ €μ¥ μ„μΉ: /opt/work/nomujoa/app/data/dicts
2025-12-13 18:51:43,396 [INFO] π“‚ [BTS] λ°μ΄ν„° μ²λ¦¬ μ‹μ‘...
2025-12-13 18:51:43,400 [INFO] π‰ [BTS] μ²λ¦¬ μ™„λ£. νμΌ μ €μ¥λ¨.
2025-12-13 18:51:43,403 [INFO] π“‚ [SEVENTEEN] λ°μ΄ν„° μ²λ¦¬ μ‹μ‘...
2025-12-13 18:51:43,403 [INFO]    π”„ μƒμ„± μ‹λ„: [SEVENTEEN-All] REQ_HEART (μ‹λ„ 1/3)
2025-12-13 18:51:46,548 [INFO]       β… μƒμ„± μ„±κ³µ! (5κ°)
2025-12-13 18:51:48,053 [INFO]    π”„ μƒμ„± μ‹λ„: [SEVENTEEN-S.COUPS] REQ_HEART (μ‹λ„ 1/3)
2025-12-13 18:51:50,439 [INFO]       β… μƒμ„± μ„±κ³µ! (5κ°)
2025-12-13 18:51:51,443 [INFO]    π”„ μƒμ„± μ‹λ„: [SEVENTEEN-Jeonghan] REQ_HEART (μ‹λ„ 1/3)
2025-12-13 18:51:53,516 [INFO]       β… μƒμ„± μ„±κ³µ! (5κ°)
2025-12-13 18:51:54,521 [INFO]    π”„ μƒμ„± μ‹λ„: [SEVENTEEN-Joshua] REQ_HEART (μ‹λ„ 1/3)
2025-12-13 18:51:59,320 [INFO]       β… μƒμ„± μ„±κ³µ! (5κ°)
2025-12-13 18:52:00,322 [INFO]    π”„ μƒμ„± μ‹λ„: [SEVENTEEN-Jun] REQ_HEART (μ‹λ„ 1/3)
2025-12-13 18:52:04,066 [INFO]       β… μƒμ„± μ„±κ³µ! (5κ°)
2025-12-13 18:52:05,067 [INFO]    π”„ μƒμ„± μ‹λ„: [SEVENTEEN-Hoshi] REQ_HEART (μ‹λ„ 1/3)
2025-12-13 18:52:08,474 [INFO]       β… μƒμ„± μ„±κ³µ! (5κ°)
2025-12-13 18:52:09,479 [INFO]    π”„ μƒμ„± μ‹λ„: [SEVENTEEN-Wonwoo] REQ_HEART (μ‹λ„ 1/3)
2025-12-13 18:52:11,746 [INFO]       β… μƒμ„± μ„±κ³µ! (5κ°)
2025-12-13 18:52:12,751 [INFO]    π”„ μƒμ„± μ‹λ„: [SEVENTEEN-Woozi] REQ_HEART (μ‹λ„ 1/3)
2025-12-13 18:52:15,360 [INFO]       β… μƒμ„± μ„±κ³µ! (5κ°)
2025-12-13 18:52:16,365 [INFO]    π”„ μƒμ„± μ‹λ„: [SEVENTEEN-The8] REQ_HEART (μ‹λ„ 1/3)
2025-12-13 18:52:18,416 [INFO]       β… μƒμ„± μ„±κ³µ! (5κ°)
2025-12-13 18:52:19,417 [INFO]    π”„ μƒμ„± μ‹λ„: [SEVENTEEN-Mingyu] REQ_HEART (μ‹λ„ 1/3)
2025-12-13 18:52:21,938 [INFO]       β… μƒμ„± μ„±κ³µ! (5κ°)
2025-12-13 18:52:22,943 [INFO]    π”„ μƒμ„± μ‹λ„: [SEVENTEEN-DK] REQ_HEART (μ‹λ„ 1/3)
2025-12-13 18:52:25,256 [INFO]       β… μƒμ„± μ„±κ³µ! (5κ°)
2025-12-13 18:52:26,262 [INFO]    π”„ μƒμ„± μ‹λ„: [SEVENTEEN-Seungkwan] REQ_HEART (μ‹λ„ 1/3)
2025-12-13 18:52:29,022 [INFO]       β… μƒμ„± μ„±κ³µ! (5κ°)
2025-12-13 18:52:30,023 [INFO]    π”„ μƒμ„± μ‹λ„: [SEVENTEEN-Vernon] REQ_HEART (μ‹λ„ 1/3)
2025-12-13 18:52:32,321 [INFO]       β… μƒμ„± μ„±κ³µ! (5κ°)
2025-12-13 18:52:33,324 [INFO]    π”„ μƒμ„± μ‹λ„: [SEVENTEEN-Dino] REQ_HEART (μ‹λ„ 1/3)
2025-12-13 18:52:35,798 [INFO]       β… μƒμ„± μ„±κ³µ! (5κ°)
2025-12-13 18:52:36,800 [INFO]    π”„ μƒμ„± μ‹λ„: [SEVENTEEN-All] HEALTH_EAT (μ‹λ„ 1/3)
2025-12-13 18:52:38,978 [INFO]       β… μƒμ„± μ„±κ³µ! (5κ°)
2025-12-13 18:52:40,478 [INFO]    π”„ μƒμ„± μ‹λ„: [SEVENTEEN-S.COUPS] HEALTH_EAT (μ‹λ„ 1/3)
2025-12-13 18:52:43,558 [INFO]       β… μƒμ„± μ„±κ³µ! (5κ°)
2025-12-13 18:52:44,561 [INFO]    π”„ μƒμ„± μ‹λ„: [SEVENTEEN-Jeonghan] HEALTH_EAT (μ‹λ„ 1/3)
2025-12-13 18:52:47,578 [INFO]       β… μƒμ„± μ„±κ³µ! (5κ°)
2025-12-13 18:52:48,583 [INFO]    π”„ μƒμ„± μ‹λ„: [SEVENTEEN-Joshua] HEALTH_EAT (μ‹λ„ 1/3)
2025-12-13 18:52:51,459 [INFO]       β… μƒμ„± μ„±κ³µ! (5κ°)
2025-12-13 18:52:52,463 [INFO]    π”„ μƒμ„± μ‹λ„: [SEVENTEEN-Jun] HEALTH_EAT (μ‹λ„ 1/3)
2025-12-13 18:52:54,955 [INFO]       β… μƒμ„± μ„±κ³µ! (5κ°)
2025-12-13 18:52:55,960 [INFO]    π”„ μƒμ„± μ‹λ„: [SEVENTEEN-Hoshi] HEALTH_EAT (μ‹λ„ 1/3)
2025-12-13 18:52:59,017 [INFO]       β… μƒμ„± μ„±κ³µ! (5κ°)
2025-12-13 18:53:00,020 [INFO]    π”„ μƒμ„± μ‹λ„: [SEVENTEEN-Wonwoo] HEALTH_EAT (μ‹λ„ 1/3)
2025-12-13 18:53:02,480 [INFO]       β… μƒμ„± μ„±κ³µ! (5κ°)
2025-12-13 18:53:03,484 [INFO]    π”„ μƒμ„± μ‹λ„: [SEVENTEEN-Woozi] HEALTH_EAT (μ‹λ„ 1/3)
2025-12-13 18:53:06,092 [INFO]       β… μƒμ„± μ„±κ³µ! (5κ°)
2025-12-13 18:53:07,094 [INFO]    π”„ μƒμ„± μ‹λ„: [SEVENTEEN-The8] HEALTH_EAT (μ‹λ„ 1/3)
2025-12-13 18:53:09,621 [INFO]       β… μƒμ„± μ„±κ³µ! (5κ°)
2025-12-13 18:53:10,622 [INFO]    π”„ μƒμ„± μ‹λ„: [SEVENTEEN-Mingyu] HEALTH_EAT (μ‹λ„ 1/3)
2025-12-13 18:53:13,896 [INFO]       β… μƒμ„± μ„±κ³µ! (5κ°)
2025-12-13 18:53:14,896 [INFO]    π”„ μƒμ„± μ‹λ„: [SEVENTEEN-DK] HEALTH_EAT (μ‹λ„ 1/3)
2025-12-13 18:53:17,787 [INFO]       β… μƒμ„± μ„±κ³µ! (5κ°)
2025-12-13 18:53:18,793 [INFO]    π”„ μƒμ„± μ‹λ„: [SEVENTEEN-Seungkwan] HEALTH_EAT (μ‹λ„ 1/3)
2025-12-13 18:53:21,120 [INFO]       β… μƒμ„± μ„±κ³µ! (5κ°)
2025-12-13 18:53:22,121 [INFO]    π”„ μƒμ„± μ‹λ„: [SEVENTEEN-Vernon] HEALTH_EAT (μ‹λ„ 1/3)
2025-12-13 18:53:25,059 [INFO]       β… μƒμ„± μ„±κ³µ! (5κ°)
2025-12-13 18:53:26,063 [INFO]    π”„ μƒμ„± μ‹λ„: [SEVENTEEN-Dino] HEALTH_EAT (μ‹λ„ 1/3)
2025-12-13 18:53:28,744 [INFO]       β… μƒμ„± μ„±κ³µ! (5κ°)
2025-12-13 18:53:29,749 [INFO]    π”„ μƒμ„± μ‹λ„: [SEVENTEEN-All] HEALTH_CARE (μ‹λ„ 1/3)
2025-12-13 18:53:32,637 [INFO]       β… μƒμ„± μ„±κ³µ! (5κ°)
2025-12-13 18:53:34,143 [INFO]    π”„ μƒμ„± μ‹λ„: [SEVENTEEN-S.COUPS] HEALTH_CARE (μ‹λ„ 1/3)
2025-12-13 18:53:36,937 [INFO]       β… μƒμ„± μ„±κ³µ! (5κ°)
2025-12-13 18:53:37,941 [INFO]    π”„ μƒμ„± μ‹λ„: [SEVENTEEN-Jeonghan] HEALTH_CARE (μ‹λ„ 1/3)
2025-12-13 18:53:40,932 [INFO]       β… μƒμ„± μ„±κ³µ! (5κ°)
2025-12-13 18:53:41,934 [INFO]    π”„ μƒμ„± μ‹λ„: [SEVENTEEN-Joshua] HEALTH_CARE (μ‹λ„ 1/3)
2025-12-13 18:53:45,437 [INFO]       β… μƒμ„± μ„±κ³µ! (5κ°)
2025-12-13 18:53:46,442 [INFO]    π”„ μƒμ„± μ‹λ„: [SEVENTEEN-Jun] HEALTH_CARE (μ‹λ„ 1/3)
2025-12-13 18:53:49,839 [INFO]       β… μƒμ„± μ„±κ³µ! (5κ°)
2025-12-13 18:53:50,843 [INFO]    π”„ μƒμ„± μ‹λ„: [SEVENTEEN-Hoshi] HEALTH_CARE (μ‹λ„ 1/3)
2025-12-13 18:53:53,629 [INFO]       β… μƒμ„± μ„±κ³µ! (5κ°)
2025-12-13 18:53:54,630 [INFO]    π”„ μƒμ„± μ‹λ„: [SEVENTEEN-Wonwoo] HEALTH_CARE (μ‹λ„ 1/3)
2025-12-13 18:53:56,907 [INFO]       β… μƒμ„± μ„±κ³µ! (5κ°)
2025-12-13 18:53:57,908 [INFO]    π”„ μƒμ„± μ‹λ„: [SEVENTEEN-Woozi] HEALTH_CARE (μ‹λ„ 1/3)
2025-12-13 18:54:01,000 [INFO]       β… μƒμ„± μ„±κ³µ! (5κ°)
2025-12-13 18:54:02,004 [INFO]    π”„ μƒμ„± μ‹λ„: [SEVENTEEN-The8] HEALTH_CARE (μ‹λ„ 1/3)
2025-12-13 18:54:05,098 [INFO]       β… μƒμ„± μ„±κ³µ! (5κ°)
2025-12-13 18:54:06,099 [INFO]    π”„ μƒμ„± μ‹λ„: [SEVENTEEN-Mingyu] HEALTH_CARE (μ‹λ„ 1/3)
2025-12-13 18:54:09,539 [INFO]       β… μƒμ„± μ„±κ³µ! (5κ°)
2025-12-13 18:54:10,544 [INFO]    π”„ μƒμ„± μ‹λ„: [SEVENTEEN-DK] HEALTH_CARE (μ‹λ„ 1/3)
2025-12-13 18:54:12,880 [INFO]       β… μƒμ„± μ„±κ³µ! (5κ°)
2025-12-13 18:54:13,886 [INFO]    π”„ μƒμ„± μ‹λ„: [SEVENTEEN-Seungkwan] HEALTH_CARE (μ‹λ„ 1/3)
2025-12-13 18:54:17,487 [INFO]       β… μƒμ„± μ„±κ³µ! (5κ°)
2025-12-13 18:54:18,488 [INFO]    π”„ μƒμ„± μ‹λ„: [SEVENTEEN-Vernon] HEALTH_CARE (μ‹λ„ 1/3)
2025-12-13 18:54:21,380 [INFO]       β… μƒμ„± μ„±κ³µ! (5κ°)
2025-12-13 18:54:22,385 [INFO]    π”„ μƒμ„± μ‹λ„: [SEVENTEEN-Dino] HEALTH_CARE (μ‹λ„ 1/3)
2025-12-13 18:54:26,399 [INFO]       β… μƒμ„± μ„±κ³µ! (5κ°)
2025-12-13 18:54:27,402 [INFO]    π”„ μƒμ„± μ‹λ„: [SEVENTEEN-All] GREET_JOB (μ‹λ„ 1/3)
2025-12-13 18:54:30,606 [INFO]       β… μƒμ„± μ„±κ³µ! (5κ°)
2025-12-13 18:54:32,107 [INFO]    π”„ μƒμ„± μ‹λ„: [SEVENTEEN-S.COUPS] GREET_JOB (μ‹λ„ 1/3)
2025-12-13 18:54:34,899 [INFO]       β… μƒμ„± μ„±κ³µ! (5κ°)
2025-12-13 18:54:35,902 [INFO]    π”„ μƒμ„± μ‹λ„: [SEVENTEEN-Jeonghan] GREET_JOB (μ‹λ„ 1/3)
2025-12-13 18:54:38,871 [INFO]       β… μƒμ„± μ„±κ³µ! (5κ°)
2025-12-13 18:54:39,872 [INFO]    π”„ μƒμ„± μ‹λ„: [SEVENTEEN-Joshua] GREET_JOB (μ‹λ„ 1/3)
2025-12-13 18:54:42,349 [INFO]       β… μƒμ„± μ„±κ³µ! (5κ°)
2025-12-13 18:54:43,353 [INFO]    π”„ μƒμ„± μ‹λ„: [SEVENTEEN-Jun] GREET_JOB (μ‹λ„ 1/3)
2025-12-13 18:54:45,649 [INFO]       β… μƒμ„± μ„±κ³µ! (5κ°)
2025-12-13 18:54:46,650 [INFO]    π”„ μƒμ„± μ‹λ„: [SEVENTEEN-Hoshi] GREET_JOB (μ‹λ„ 1/3)
2025-12-13 18:54:49,644 [INFO]       β… μƒμ„± μ„±κ³µ! (5κ°)
2025-12-13 18:54:50,645 [INFO]    π”„ μƒμ„± μ‹λ„: [SEVENTEEN-Wonwoo] GREET_JOB (μ‹λ„ 1/3)
2025-12-13 18:54:53,310 [INFO]       β… μƒμ„± μ„±κ³µ! (5κ°)
2025-12-13 18:54:54,315 [INFO]    π”„ μƒμ„± μ‹λ„: [SEVENTEEN-Woozi] GREET_JOB (μ‹λ„ 1/3)
2025-12-13 18:54:56,298 [INFO]       β… μƒμ„± μ„±κ³µ! (5κ°)
2025-12-13 18:54:57,303 [INFO]    π”„ μƒμ„± μ‹λ„: [SEVENTEEN-The8] GREET_JOB (μ‹λ„ 1/3)
2025-12-13 18:54:59,861 [INFO]       β… μƒμ„± μ„±κ³µ! (5κ°)
2025-12-13 18:55:00,864 [INFO]    π”„ μƒμ„± μ‹λ„: [SEVENTEEN-Mingyu] GREET_JOB (μ‹λ„ 1/3)
2025-12-13 18:55:03,056 [INFO]       β… μƒμ„± μ„±κ³µ! (5κ°)
2025-12-13 18:55:04,061 [INFO]    π”„ μƒμ„± μ‹λ„: [SEVENTEEN-DK] GREET_JOB (μ‹λ„ 1/3)
2025-12-13 18:55:06,236 [INFO]       β… μƒμ„± μ„±κ³µ! (5κ°)
2025-12-13 18:55:07,239 [INFO]    π”„ μƒμ„± μ‹λ„: [SEVENTEEN-Seungkwan] GREET_JOB (μ‹λ„ 1/3)
2025-12-13 18:55:09,550 [INFO]       β… μƒμ„± μ„±κ³µ! (5κ°)
2025-12-13 18:55:10,555 [INFO]    π”„ μƒμ„± μ‹λ„: [SEVENTEEN-Vernon] GREET_JOB (μ‹λ„ 1/3)
2025-12-13 18:55:12,947 [INFO]       β… μƒμ„± μ„±κ³µ! (5κ°)
2025-12-13 18:55:13,952 [INFO]    π”„ μƒμ„± μ‹λ„: [SEVENTEEN-Dino] GREET_JOB (μ‹λ„ 1/3)
2025-12-13 18:55:16,265 [INFO]       β… μƒμ„± μ„±κ³µ! (5κ°)
2025-12-13 18:55:17,286 [INFO] π‰ [SEVENTEEN] μ²λ¦¬ μ™„λ£. νμΌ μ €μ¥λ¨.
2025-12-13 18:55:17,287 [INFO] π“‚ [TWICE] λ°μ΄ν„° μ²λ¦¬ μ‹μ‘...
2025-12-13 18:55:17,287 [INFO]    π”„ μƒμ„± μ‹λ„: [TWICE-All] LOVE_GENERAL (μ‹λ„ 1/3)
2025-12-13 18:55:19,952 [INFO]       β… μƒμ„± μ„±κ³µ! (5κ°)
2025-12-13 18:55:21,456 [INFO]    π”„ μƒμ„± μ‹λ„: [TWICE-Nayeon] LOVE_GENERAL (μ‹λ„ 1/3)
2025-12-13 18:55:23,221 [INFO]       β… μƒμ„± μ„±κ³µ! (5κ°)
2025-12-13 18:55:24,221 [INFO]    π”„ μƒμ„± μ‹λ„: [TWICE-Jeongyeon] LOVE_GENERAL (μ‹λ„ 1/3)
2025-12-13 18:55:26,327 [INFO]       β… μƒμ„± μ„±κ³µ! (5κ°)
2025-12-13 18:55:27,329 [INFO]    π”„ μƒμ„± μ‹λ„: [TWICE-Momo] LOVE_GENERAL (μ‹λ„ 1/3)
2025-12-13 18:55:29,165 [INFO]       β… μƒμ„± μ„±κ³µ! (5κ°)
2025-12-13 18:55:30,168 [INFO]    π”„ μƒμ„± μ‹λ„: [TWICE-Sana] LOVE_GENERAL (μ‹λ„ 1/3)
2025-12-13 18:55:32,752 [INFO]       β… μƒμ„± μ„±κ³µ! (5κ°)
2025-12-13 18:55:33,753 [INFO]    π”„ μƒμ„± μ‹λ„: [TWICE-Jihyo] LOVE_GENERAL (μ‹λ„ 1/3)
2025-12-13 18:55:36,235 [INFO]       β… μƒμ„± μ„±κ³µ! (5κ°)
2025-12-13 18:55:37,239 [INFO]    π”„ μƒμ„± μ‹λ„: [TWICE-Mina] LOVE_GENERAL (μ‹λ„ 1/3)
2025-12-13 18:55:39,205 [INFO]       β… μƒμ„± μ„±κ³µ! (5κ°)
2025-12-13 18:55:40,207 [INFO]    π”„ μƒμ„± μ‹λ„: [TWICE-Dahyun] LOVE_GENERAL (μ‹λ„ 1/3)
2025-12-13 18:55:42,340 [INFO]       β… μƒμ„± μ„±κ³µ! (5κ°)
2025-12-13 18:55:43,345 [INFO]    π”„ μƒμ„± μ‹λ„: [TWICE-Chaeyoung] LOVE_GENERAL (μ‹λ„ 1/3)
2025-12-13 18:55:46,680 [INFO]       β… μƒμ„± μ„±κ³µ! (5κ°)
2025-12-13 18:55:47,681 [INFO]    π”„ μƒμ„± μ‹λ„: [TWICE-Tzuyu] LOVE_GENERAL (μ‹λ„ 1/3)
2025-12-13 18:55:50,468 [INFO]       β… μƒμ„± μ„±κ³µ! (5κ°)
2025-12-13 18:55:51,473 [INFO] π’Ύ μ¤‘κ°„ μ €μ¥ μ™„λ£ (TWICE)
2025-12-13 18:55:51,473 [INFO]    π”„ μƒμ„± μ‹λ„: [TWICE-All] LOVE_DEEP (μ‹λ„ 1/3)
2025-12-13 18:55:54,155 [INFO]       β… μƒμ„± μ„±κ³µ! (5κ°)
2025-12-13 18:55:55,660 [INFO]    π”„ μƒμ„± μ‹λ„: [TWICE-Nayeon] LOVE_DEEP (μ‹λ„ 1/3)
2025-12-13 18:55:57,766 [INFO]       β… μƒμ„± μ„±κ³µ! (5κ°)
2025-12-13 18:55:58,770 [INFO]    π”„ μƒμ„± μ‹λ„: [TWICE-Jeongyeon] LOVE_DEEP (μ‹λ„ 1/3)
2025-12-13 18:56:00,681 [INFO]       β… μƒμ„± μ„±κ³µ! (5κ°)
2025-12-13 18:56:01,689 [INFO]    π”„ μƒμ„± μ‹λ„: [TWICE-Momo] LOVE_DEEP (μ‹λ„ 1/3)
2025-12-13 18:56:03,680 [INFO]       β… μƒμ„± μ„±κ³µ! (5κ°)
2025-12-13 18:56:04,688 [INFO]    π”„ μƒμ„± μ‹λ„: [TWICE-Sana] LOVE_DEEP (μ‹λ„ 1/3)
2025-12-13 18:56:06,954 [INFO]       β… μƒμ„± μ„±κ³µ! (5κ°)
2025-12-13 18:56:07,959 [INFO]    π”„ μƒμ„± μ‹λ„: [TWICE-Jihyo] LOVE_DEEP (μ‹λ„ 1/3)
2025-12-13 18:56:10,132 [INFO]       β… μƒμ„± μ„±κ³µ! (5κ°)
2025-12-13 18:56:11,132 [INFO]    π”„ μƒμ„± μ‹λ„: [TWICE-Mina] LOVE_DEEP (μ‹λ„ 1/3)
2025-12-13 18:56:12,998 [INFO]       β… μƒμ„± μ„±κ³µ! (5κ°)
2025-12-13 18:56:14,004 [INFO]    π”„ μƒμ„± μ‹λ„: [TWICE-Dahyun] LOVE_DEEP (μ‹λ„ 1/3)
2025-12-13 18:56:16,582 [INFO]       β… μƒμ„± μ„±κ³µ! (5κ°)
2025-12-13 18:56:17,587 [INFO]    π”„ μƒμ„± μ‹λ„: [TWICE-Chaeyoung] LOVE_DEEP (μ‹λ„ 1/3)
2025-12-13 18:56:19,652 [INFO]       β… μƒμ„± μ„±κ³µ! (5κ°)
2025-12-13 18:56:20,657 [INFO]    π”„ μƒμ„± μ‹λ„: [TWICE-Tzuyu] LOVE_DEEP (μ‹λ„ 1/3)
2025-12-13 18:56:23,441 [INFO]       β… μƒμ„± μ„±κ³µ! (5κ°)
2025-12-13 18:56:24,447 [INFO] π’Ύ μ¤‘κ°„ μ €μ¥ μ™„λ£ (TWICE)
2025-12-13 18:56:24,447 [INFO]    π”„ μƒμ„± μ‹λ„: [TWICE-All] REQ_MARRY (μ‹λ„ 1/3)
2025-12-13 18:56:26,822 [INFO]       β… μƒμ„± μ„±κ³µ! (5κ°)
2025-12-13 18:56:28,322 [INFO]    π”„ μƒμ„± μ‹λ„: [TWICE-Nayeon] REQ_MARRY (μ‹λ„ 1/3)
2025-12-13 18:56:30,509 [INFO]       β… μƒμ„± μ„±κ³µ! (5κ°)
2025-12-13 18:56:31,512 [INFO]    π”„ μƒμ„± μ‹λ„: [TWICE-Jeongyeon] REQ_MARRY (μ‹λ„ 1/3)
2025-12-13 18:56:33,683 [INFO]       β… μƒμ„± μ„±κ³µ! (5κ°)
2025-12-13 18:56:34,688 [INFO]    π”„ μƒμ„± μ‹λ„: [TWICE-Momo] REQ_MARRY (μ‹λ„ 1/3)
2025-12-13 18:56:37,677 [INFO]       β… μƒμ„± μ„±κ³µ! (5κ°)
2025-12-13 18:56:38,679 [INFO]    π”„ μƒμ„± μ‹λ„: [TWICE-Sana] REQ_MARRY (μ‹λ„ 1/3)
2025-12-13 18:56:40,429 [INFO]       β… μƒμ„± μ„±κ³µ! (5κ°)
2025-12-13 18:56:41,431 [INFO]    π”„ μƒμ„± μ‹λ„: [TWICE-Jihyo] REQ_MARRY (μ‹λ„ 1/3)
2025-12-13 18:56:44,230 [INFO]       β… μƒμ„± μ„±κ³µ! (5κ°)
2025-12-13 18:56:45,235 [INFO]    π”„ μƒμ„± μ‹λ„: [TWICE-Mina] REQ_MARRY (μ‹λ„ 1/3)
2025-12-13 18:56:47,610 [INFO]       β… μƒμ„± μ„±κ³µ! (5κ°)
2025-12-13 18:56:48,612 [INFO]    π”„ μƒμ„± μ‹λ„: [TWICE-Dahyun] REQ_MARRY (μ‹λ„ 1/3)
2025-12-13 18:56:50,718 [INFO]       β… μƒμ„± μ„±κ³µ! (5κ°)
2025-12-13 18:56:51,724 [INFO]    π”„ μƒμ„± μ‹λ„: [TWICE-Chaeyoung] REQ_MARRY (μ‹λ„ 1/3)
2025-12-13 18:56:54,266 [INFO]       β… μƒμ„± μ„±κ³µ! (5κ°)
2025-12-13 18:56:55,268 [INFO]    π”„ μƒμ„± μ‹λ„: [TWICE-Tzuyu] REQ_MARRY (μ‹λ„ 1/3)
2025-12-13 18:56:57,849 [INFO]       β… μƒμ„± μ„±κ³µ! (5κ°)
2025-12-13 18:56:58,853 [INFO] π’Ύ μ¤‘κ°„ μ €μ¥ μ™„λ£ (TWICE)
2025-12-13 18:56:58,853 [INFO]    π”„ μƒμ„± μ‹λ„: [TWICE-All] MISS_YOU (μ‹λ„ 1/3)
2025-12-13 18:57:02,345 [INFO]       β… μƒμ„± μ„±κ³µ! (5κ°)
2025-12-13 18:57:03,848 [INFO]    π”„ μƒμ„± μ‹λ„: [TWICE-Nayeon] MISS_YOU (μ‹λ„ 1/3)
2025-12-13 18:57:07,279 [INFO]       β… μƒμ„± μ„±κ³µ! (5κ°)
2025-12-13 18:57:08,284 [INFO]    π”„ μƒμ„± μ‹λ„: [TWICE-Jeongyeon] MISS_YOU (μ‹λ„ 1/3)
2025-12-13 18:57:10,343 [INFO]       β… μƒμ„± μ„±κ³µ! (5κ°)
2025-12-13 18:57:11,346 [INFO]    π”„ μƒμ„± μ‹λ„: [TWICE-Momo] MISS_YOU (μ‹λ„ 1/3)
2025-12-13 18:57:13,721 [INFO]       β… μƒμ„± μ„±κ³µ! (5κ°)
2025-12-13 18:57:14,725 [INFO]    π”„ μƒμ„± μ‹λ„: [TWICE-Sana] MISS_YOU (μ‹λ„ 1/3)
2025-12-13 18:57:18,087 [INFO]       β… μƒμ„± μ„±κ³µ! (5κ°)
2025-12-13 18:57:19,088 [INFO]    π”„ μƒμ„± μ‹λ„: [TWICE-Jihyo] MISS_YOU (μ‹λ„ 1/3)
2025-12-13 18:57:21,587 [INFO]       β… μƒμ„± μ„±κ³µ! (5κ°)
2025-12-13 18:57:22,587 [INFO]    π”„ μƒμ„± μ‹λ„: [TWICE-Mina] MISS_YOU (μ‹λ„ 1/3)
2025-12-13 18:57:25,191 [INFO]       β… μƒμ„± μ„±κ³µ! (5κ°)
2025-12-13 18:57:26,192 [INFO]    π”„ μƒμ„± μ‹λ„: [TWICE-Dahyun] MISS_YOU (μ‹λ„ 1/3)
2025-12-13 18:57:28,161 [INFO]       β… μƒμ„± μ„±κ³µ! (5κ°)
2025-12-13 18:57:29,162 [INFO]    π”„ μƒμ„± μ‹λ„: [TWICE-Chaeyoung] MISS_YOU (μ‹λ„ 1/3)
2025-12-13 18:57:32,358 [INFO]       β… μƒμ„± μ„±κ³µ! (5κ°)
2025-12-13 18:57:33,363 [INFO]    π”„ μƒμ„± μ‹λ„: [TWICE-Tzuyu] MISS_YOU (μ‹λ„ 1/3)
2025-12-13 18:57:36,558 [INFO]       β… μƒμ„± μ„±κ³µ! (5κ°)
2025-12-13 18:57:37,564 [INFO] π’Ύ μ¤‘κ°„ μ €μ¥ μ™„λ£ (TWICE)
2025-12-13 18:57:37,564 [INFO]    π”„ μƒμ„± μ‹λ„: [TWICE-All] PROMISE_FOREVER (μ‹λ„ 1/3)
2025-12-13 18:57:39,833 [INFO]       β… μƒμ„± μ„±κ³µ! (5κ°)
2025-12-13 18:57:41,335 [INFO]    π”„ μƒμ„± μ‹λ„: [TWICE-Nayeon] PROMISE_FOREVER (μ‹λ„ 1/3)
2025-12-13 18:57:43,487 [INFO]       β… μƒμ„± μ„±κ³µ! (5κ°)
2025-12-13 18:57:44,489 [INFO]    π”„ μƒμ„± μ‹λ„: [TWICE-Jeongyeon] PROMISE_FOREVER (μ‹λ„ 1/3)
2025-12-13 18:57:47,199 [INFO]       β… μƒμ„± μ„±κ³µ! (5κ°)
2025-12-13 18:57:48,204 [INFO]    π”„ μƒμ„± μ‹λ„: [TWICE-Momo] PROMISE_FOREVER (μ‹λ„ 1/3)
2025-12-13 18:57:50,805 [INFO]       β… μƒμ„± μ„±κ³µ! (5κ°)
2025-12-13 18:57:51,809 [INFO]    π”„ μƒμ„± μ‹λ„: [TWICE-Sana] PROMISE_FOREVER (μ‹λ„ 1/3)
2025-12-13 18:57:54,017 [INFO]       β… μƒμ„± μ„±κ³µ! (5κ°)
2025-12-13 18:57:55,017 [INFO]    π”„ μƒμ„± μ‹λ„: [TWICE-Jihyo] PROMISE_FOREVER (μ‹λ„ 1/3)
2025-12-13 18:57:57,122 [INFO]       β… μƒμ„± μ„±κ³µ! (5κ°)
2025-12-13 18:57:58,128 [INFO]    π”„ μƒμ„± μ‹λ„: [TWICE-Mina] PROMISE_FOREVER (μ‹λ„ 1/3)
2025-12-13 18:58:00,110 [INFO]       β… μƒμ„± μ„±κ³µ! (5κ°)
2025-12-13 18:58:01,112 [INFO]    π”„ μƒμ„± μ‹λ„: [TWICE-Dahyun] PROMISE_FOREVER (μ‹λ„ 1/3)
2025-12-13 18:58:03,616 [INFO]       β… μƒμ„± μ„±κ³µ! (5κ°)
2025-12-13 18:58:04,621 [INFO]    π”„ μƒμ„± μ‹λ„: [TWICE-Chaeyoung] PROMISE_FOREVER (μ‹λ„ 1/3)
2025-12-13 18:58:07,038 [INFO]       β… μƒμ„± μ„±κ³µ! (5κ°)
2025-12-13 18:58:08,043 [INFO]    π”„ μƒμ„± μ‹λ„: [TWICE-Tzuyu] PROMISE_FOREVER (μ‹λ„ 1/3)
2025-12-13 18:58:10,866 [INFO]       β… μƒμ„± μ„±κ³µ! (5κ°)
2025-12-13 18:58:11,872 [INFO] π’Ύ μ¤‘κ°„ μ €μ¥ μ™„λ£ (TWICE)
2025-12-13 18:58:11,872 [INFO]    π”„ μƒμ„± μ‹λ„: [TWICE-All] CONGRAT_BDAY (μ‹λ„ 1/3)
2025-12-13 18:58:14,105 [INFO]       β… μƒμ„± μ„±κ³µ! (5κ°)
2025-12-13 18:58:15,607 [INFO]    π”„ μƒμ„± μ‹λ„: [TWICE-Nayeon] CONGRAT_BDAY (μ‹λ„ 1/3)
2025-12-13 18:58:18,363 [INFO]       β… μƒμ„± μ„±κ³µ! (5κ°)
2025-12-13 18:58:19,368 [INFO]    π”„ μƒμ„± μ‹λ„: [TWICE-Jeongyeon] CONGRAT_BDAY (μ‹λ„ 1/3)
2025-12-13 18:58:21,446 [INFO]       β… μƒμ„± μ„±κ³µ! (5κ°)
2025-12-13 18:58:22,451 [INFO]    π”„ μƒμ„± μ‹λ„: [TWICE-Momo] CONGRAT_BDAY (μ‹λ„ 1/3)
2025-12-13 18:58:24,772 [INFO]       β… μƒμ„± μ„±κ³µ! (5κ°)
2025-12-13 18:58:25,777 [INFO]    π”„ μƒμ„± μ‹λ„: [TWICE-Sana] CONGRAT_BDAY (μ‹λ„ 1/3)
2025-12-13 18:58:28,065 [INFO]       β… μƒμ„± μ„±κ³µ! (5κ°)
2025-12-13 18:58:29,070 [INFO]    π”„ μƒμ„± μ‹λ„: [TWICE-Jihyo] CONGRAT_BDAY (μ‹λ„ 1/3)
2025-12-13 18:58:31,205 [INFO]       β… μƒμ„± μ„±κ³µ! (5κ°)
2025-12-13 18:58:32,210 [INFO]    π”„ μƒμ„± μ‹λ„: [TWICE-Mina] CONGRAT_BDAY (μ‹λ„ 1/3)
2025-12-13 18:58:34,240 [INFO]       β… μƒμ„± μ„±κ³µ! (5κ°)
2025-12-13 18:58:35,245 [INFO]    π”„ μƒμ„± μ‹λ„: [TWICE-Dahyun] CONGRAT_BDAY (μ‹λ„ 1/3)
2025-12-13 18:58:37,282 [INFO]       β… μƒμ„± μ„±κ³µ! (5κ°)
2025-12-13 18:58:38,283 [INFO]    π”„ μƒμ„± μ‹λ„: [TWICE-Chaeyoung] CONGRAT_BDAY (μ‹λ„ 1/3)
2025-12-13 18:58:41,070 [INFO]       β… μƒμ„± μ„±κ³µ! (5κ°)
2025-12-13 18:58:42,073 [INFO]    π”„ μƒμ„± μ‹λ„: [TWICE-Tzuyu] CONGRAT_BDAY (μ‹λ„ 1/3)
2025-12-13 18:58:44,968 [INFO]       β… μƒμ„± μ„±κ³µ! (5κ°)
2025-12-13 18:58:45,978 [INFO] π’Ύ μ¤‘κ°„ μ €μ¥ μ™„λ£ (TWICE)
2025-12-13 18:58:45,978 [INFO]    π”„ μƒμ„± μ‹λ„: [TWICE-All] CHEER_UP (μ‹λ„ 1/3)
2025-12-13 18:58:48,441 [INFO]       β… μƒμ„± μ„±κ³µ! (5κ°)
2025-12-13 18:58:49,942 [INFO]    π”„ μƒμ„± μ‹λ„: [TWICE-Nayeon] CHEER_UP (μ‹λ„ 1/3)
2025-12-13 18:58:51,655 [INFO]       β… μƒμ„± μ„±κ³µ! (5κ°)
2025-12-13 18:58:52,660 [INFO]    π”„ μƒμ„± μ‹λ„: [TWICE-Jeongyeon] CHEER_UP (μ‹λ„ 1/3)
2025-12-13 18:58:54,451 [INFO]       β… μƒμ„± μ„±κ³µ! (5κ°)
2025-12-13 18:58:55,455 [INFO]    π”„ μƒμ„± μ‹λ„: [TWICE-Momo] CHEER_UP (μ‹λ„ 1/3)
2025-12-13 18:58:57,605 [INFO]       β… μƒμ„± μ„±κ³µ! (5κ°)
2025-12-13 18:58:58,605 [INFO]    π”„ μƒμ„± μ‹λ„: [TWICE-Sana] CHEER_UP (μ‹λ„ 1/3)
2025-12-13 18:59:01,458 [INFO]       β… μƒμ„± μ„±κ³µ! (5κ°)
2025-12-13 18:59:02,459 [INFO]    π”„ μƒμ„± μ‹λ„: [TWICE-Jihyo] CHEER_UP (μ‹λ„ 1/3)
2025-12-13 18:59:05,050 [INFO]       β… μƒμ„± μ„±κ³µ! (5κ°)
2025-12-13 18:59:06,056 [INFO]    π”„ μƒμ„± μ‹λ„: [TWICE-Mina] CHEER_UP (μ‹λ„ 1/3)
2025-12-13 18:59:08,206 [INFO]       β… μƒμ„± μ„±κ³µ! (5κ°)
2025-12-13 18:59:09,211 [INFO]    π”„ μƒμ„± μ‹λ„: [TWICE-Dahyun] CHEER_UP (μ‹λ„ 1/3)
2025-12-13 18:59:11,892 [INFO]       β… μƒμ„± μ„±κ³µ! (5κ°)
2025-12-13 18:59:12,898 [INFO]    π”„ μƒμ„± μ‹λ„: [TWICE-Chaeyoung] CHEER_UP (μ‹λ„ 1/3)
2025-12-13 18:59:15,066 [INFO]       β… μƒμ„± μ„±κ³µ! (5κ°)
2025-12-13 18:59:16,072 [INFO]    π”„ μƒμ„± μ‹λ„: [TWICE-Tzuyu] CHEER_UP (μ‹λ„ 1/3)
2025-12-13 18:59:18,558 [INFO]       β… μƒμ„± μ„±κ³µ! (5κ°)
2025-12-13 18:59:19,568 [INFO] π’Ύ μ¤‘κ°„ μ €μ¥ μ™„λ£ (TWICE)
2025-12-13 18:59:19,568 [INFO]    π”„ μƒμ„± μ‹λ„: [TWICE-All] PRAISE_GOD (μ‹λ„ 1/3)
2025-12-13 18:59:21,592 [INFO]       β… μƒμ„± μ„±κ³µ! (5κ°)
2025-12-13 18:59:23,096 [INFO]    π”„ μƒμ„± μ‹λ„: [TWICE-Nayeon] PRAISE_GOD (μ‹λ„ 1/3)
2025-12-13 18:59:25,104 [INFO]       β… μƒμ„± μ„±κ³µ! (5κ°)
2025-12-13 18:59:26,105 [INFO]    π”„ μƒμ„± μ‹λ„: [TWICE-Jeongyeon] PRAISE_GOD (μ‹λ„ 1/3)
2025-12-13 18:59:28,512 [INFO]       β… μƒμ„± μ„±κ³µ! (5κ°)
2025-12-13 18:59:29,513 [INFO]    π”„ μƒμ„± μ‹λ„: [TWICE-Momo] PRAISE_GOD (μ‹λ„ 1/3)
2025-12-13 18:59:32,168 [INFO]       β… μƒμ„± μ„±κ³µ! (5κ°)
2025-12-13 18:59:33,170 [INFO]    π”„ μƒμ„± μ‹λ„: [TWICE-Sana] PRAISE_GOD (μ‹λ„ 1/3)
2025-12-13 18:59:35,245 [INFO]       β… μƒμ„± μ„±κ³µ! (5κ°)
2025-12-13 18:59:36,249 [INFO]    π”„ μƒμ„± μ‹λ„: [TWICE-Jihyo] PRAISE_GOD (μ‹λ„ 1/3)
2025-12-13 18:59:38,314 [INFO]       β… μƒμ„± μ„±κ³µ! (5κ°)
2025-12-13 18:59:39,314 [INFO]    π”„ μƒμ„± μ‹λ„: [TWICE-Mina] PRAISE_GOD (μ‹λ„ 1/3)
2025-12-13 18:59:41,383 [INFO]       β… μƒμ„± μ„±κ³µ! (5κ°)
2025-12-13 18:59:42,387 [INFO]    π”„ μƒμ„± μ‹λ„: [TWICE-Dahyun] PRAISE_GOD (μ‹λ„ 1/3)
2025-12-13 18:59:44,559 [INFO]       β… μƒμ„± μ„±κ³µ! (5κ°)
2025-12-13 18:59:45,560 [INFO]    π”„ μƒμ„± μ‹λ„: [TWICE-Chaeyoung] PRAISE_GOD (μ‹λ„ 1/3)
2025-12-13 18:59:47,838 [INFO]       β… μƒμ„± μ„±κ³µ! (5κ°)
2025-12-13 18:59:48,841 [INFO]    π”„ μƒμ„± μ‹λ„: [TWICE-Tzuyu] PRAISE_GOD (μ‹λ„ 1/3)
2025-12-13 18:59:50,804 [INFO]       β… μƒμ„± μ„±κ³µ! (5κ°)
2025-12-13 18:59:51,810 [INFO] π’Ύ μ¤‘κ°„ μ €μ¥ μ™„λ£ (TWICE)
2025-12-13 18:59:51,810 [INFO]    π”„ μƒμ„± μ‹λ„: [TWICE-All] PRAISE_VISUAL (μ‹λ„ 1/3)
2025-12-13 18:59:54,286 [INFO]       β… μƒμ„± μ„±κ³µ! (5κ°)
2025-12-13 18:59:55,786 [INFO]    π”„ μƒμ„± μ‹λ„: [TWICE-Nayeon] PRAISE_VISUAL (μ‹λ„ 1/3)
2025-12-13 18:59:57,826 [INFO]       β… μƒμ„± μ„±κ³µ! (5κ°)
2025-12-13 18:59:58,830 [INFO]    π”„ μƒμ„± μ‹λ„: [TWICE-Jeongyeon] PRAISE_VISUAL (μ‹λ„ 1/3)
2025-12-13 19:00:01,491 [INFO]       β… μƒμ„± μ„±κ³µ! (5κ°)
2025-12-13 19:00:02,492 [INFO]    π”„ μƒμ„± μ‹λ„: [TWICE-Momo] PRAISE_VISUAL (μ‹λ„ 1/3)
2025-12-13 19:00:05,550 [INFO]       β… μƒμ„± μ„±κ³µ! (5κ°)
2025-12-13 19:00:06,550 [INFO]    π”„ μƒμ„± μ‹λ„: [TWICE-Sana] PRAISE_VISUAL (μ‹λ„ 1/3)
2025-12-13 19:00:08,426 [INFO]       β… μƒμ„± μ„±κ³µ! (5κ°)
2025-12-13 19:00:09,432 [INFO]    π”„ μƒμ„± μ‹λ„: [TWICE-Jihyo] PRAISE_VISUAL (μ‹λ„ 1/3)
2025-12-13 19:00:11,799 [INFO]       β… μƒμ„± μ„±κ³µ! (5κ°)
2025-12-13 19:00:12,802 [INFO]    π”„ μƒμ„± μ‹λ„: [TWICE-Mina] PRAISE_VISUAL (μ‹λ„ 1/3)
2025-12-13 19:00:14,561 [INFO]       β… μƒμ„± μ„±κ³µ! (5κ°)
2025-12-13 19:00:15,565 [INFO]    π”„ μƒμ„± μ‹λ„: [TWICE-Dahyun] PRAISE_VISUAL (μ‹λ„ 1/3)
2025-12-13 19:00:17,904 [INFO]       β… μƒμ„± μ„±κ³µ! (5κ°)
2025-12-13 19:00:18,909 [INFO]    π”„ μƒμ„± μ‹λ„: [TWICE-Chaeyoung] PRAISE_VISUAL (μ‹λ„ 1/3)
2025-12-13 19:00:21,628 [INFO]       β… μƒμ„± μ„±κ³µ! (5κ°)
2025-12-13 19:00:22,633 [INFO]    π”„ μƒμ„± μ‹λ„: [TWICE-Tzuyu] PRAISE_VISUAL (μ‹λ„ 1/3)
2025-12-13 19:00:24,599 [INFO]       β… μƒμ„± μ„±κ³µ! (5κ°)
2025-12-13 19:00:25,607 [INFO] π’Ύ μ¤‘κ°„ μ €μ¥ μ™„λ£ (TWICE)
2025-12-13 19:00:25,607 [INFO]    π”„ μƒμ„± μ‹λ„: [TWICE-All] PRAISE_FACE (μ‹λ„ 1/3)
2025-12-13 19:00:27,669 [INFO]       β… μƒμ„± μ„±κ³µ! (5κ°)
2025-12-13 19:00:29,169 [INFO]    π”„ μƒμ„± μ‹λ„: [TWICE-Nayeon] PRAISE_FACE (μ‹λ„ 1/3)
2025-12-13 19:00:31,970 [INFO]       β… μƒμ„± μ„±κ³µ! (5κ°)
2025-12-13 19:00:32,972 [INFO]    π”„ μƒμ„± μ‹λ„: [TWICE-Jeongyeon] PRAISE_FACE (μ‹λ„ 1/3)
2025-12-13 19:00:35,145 [INFO]       β… μƒμ„± μ„±κ³µ! (5κ°)
2025-12-13 19:00:36,150 [INFO]    π”„ μƒμ„± μ‹λ„: [TWICE-Momo] PRAISE_FACE (μ‹λ„ 1/3)
2025-12-13 19:00:38,219 [INFO]       β… μƒμ„± μ„±κ³µ! (5κ°)
2025-12-13 19:00:39,227 [INFO]    π”„ μƒμ„± μ‹λ„: [TWICE-Sana] PRAISE_FACE (μ‹λ„ 1/3)
2025-12-13 19:00:41,288 [INFO]       β… μƒμ„± μ„±κ³µ! (5κ°)
2025-12-13 19:00:42,288 [INFO]    π”„ μƒμ„± μ‹λ„: [TWICE-Jihyo] PRAISE_FACE (μ‹λ„ 1/3)
2025-12-13 19:00:44,879 [INFO]       β… μƒμ„± μ„±κ³µ! (5κ°)
2025-12-13 19:00:45,883 [INFO]    π”„ μƒμ„± μ‹λ„: [TWICE-Mina] PRAISE_FACE (μ‹λ„ 1/3)
2025-12-13 19:00:47,845 [INFO]       β… μƒμ„± μ„±κ³µ! (5κ°)
2025-12-13 19:00:48,849 [INFO]    π”„ μƒμ„± μ‹λ„: [TWICE-Dahyun] PRAISE_FACE (μ‹λ„ 1/3)
2025-12-13 19:00:51,135 [INFO]       β… μƒμ„± μ„±κ³µ! (5κ°)
2025-12-13 19:00:52,135 [INFO]    π”„ μƒμ„± μ‹λ„: [TWICE-Chaeyoung] PRAISE_FACE (μ‹λ„ 1/3)
2025-12-13 19:00:54,499 [INFO]       β… μƒμ„± μ„±κ³µ! (5κ°)
2025-12-13 19:00:55,500 [INFO]    π”„ μƒμ„± μ‹λ„: [TWICE-Tzuyu] PRAISE_FACE (μ‹λ„ 1/3)
2025-12-13 19:00:58,267 [INFO]       β… μƒμ„± μ„±κ³µ! (5κ°)
2025-12-13 19:00:59,276 [INFO] π’Ύ μ¤‘κ°„ μ €μ¥ μ™„λ£ (TWICE)
2025-12-13 19:00:59,277 [INFO]    π”„ μƒμ„± μ‹λ„: [TWICE-All] REQ_HEART (μ‹λ„ 1/3)
2025-12-13 19:01:01,768 [INFO]       β… μƒμ„± μ„±κ³µ! (5κ°)
2025-12-13 19:01:03,272 [INFO]    π”„ μƒμ„± μ‹λ„: [TWICE-Nayeon] REQ_HEART (μ‹λ„ 1/3)
2025-12-13 19:01:05,969 [INFO]       β… μƒμ„± μ„±κ³µ! (5κ°)
2025-12-13 19:01:06,973 [INFO]    π”„ μƒμ„± μ‹λ„: [TWICE-Jeongyeon] REQ_HEART (μ‹λ„ 1/3)
2025-12-13 19:01:10,472 [INFO]       β… μƒμ„± μ„±κ³µ! (5κ°)
2025-12-13 19:01:11,474 [INFO]    π”„ μƒμ„± μ‹λ„: [TWICE-Momo] REQ_HEART (μ‹λ„ 1/3)
2025-12-13 19:01:14,468 [INFO]       β… μƒμ„± μ„±κ³µ! (5κ°)
2025-12-13 19:01:15,472 [INFO]    π”„ μƒμ„± μ‹λ„: [TWICE-Sana] REQ_HEART (μ‹λ„ 1/3)
2025-12-13 19:01:18,255 [INFO]       β… μƒμ„± μ„±κ³µ! (5κ°)
2025-12-13 19:01:19,258 [INFO]    π”„ μƒμ„± μ‹λ„: [TWICE-Jihyo] REQ_HEART (μ‹λ„ 1/3)
2025-12-13 19:01:21,839 [INFO]       β… μƒμ„± μ„±κ³µ! (5κ°)
2025-12-13 19:01:22,839 [INFO]    π”„ μƒμ„± μ‹λ„: [TWICE-Mina] REQ_HEART (μ‹λ„ 1/3)
2025-12-13 19:01:25,841 [INFO]       β… μƒμ„± μ„±κ³µ! (5κ°)
2025-12-13 19:01:26,842 [INFO]    π”„ μƒμ„± μ‹λ„: [TWICE-Dahyun] REQ_HEART (μ‹λ„ 1/3)
2025-12-13 19:01:29,214 [INFO]       β… μƒμ„± μ„±κ³µ! (5κ°)
2025-12-13 19:01:30,214 [INFO]    π”„ μƒμ„± μ‹λ„: [TWICE-Chaeyoung] REQ_HEART (μ‹λ„ 1/3)
2025-12-13 19:01:33,105 [INFO]       β… μƒμ„± μ„±κ³µ! (5κ°)
2025-12-13 19:01:34,106 [INFO]    π”„ μƒμ„± μ‹λ„: [TWICE-Tzuyu] REQ_HEART (μ‹λ„ 1/3)
2025-12-13 19:01:36,074 [INFO]       β… μƒμ„± μ„±κ³µ! (5κ°)
2025-12-13 19:01:37,087 [INFO] π’Ύ μ¤‘κ°„ μ €μ¥ μ™„λ£ (TWICE)
2025-12-13 19:01:37,087 [INFO]    π”„ μƒμ„± μ‹λ„: [TWICE-All] HEALTH_EAT (μ‹λ„ 1/3)
2025-12-13 19:01:39,248 [INFO]       β… μƒμ„± μ„±κ³µ! (5κ°)
2025-12-13 19:01:40,753 [INFO]    π”„ μƒμ„± μ‹λ„: [TWICE-Nayeon] HEALTH_EAT (μ‹λ„ 1/3)
2025-12-13 19:01:43,652 [INFO]       β… μƒμ„± μ„±κ³µ! (5κ°)
2025-12-13 19:01:44,658 [INFO]    π”„ μƒμ„± μ‹λ„: [TWICE-Jeongyeon] HEALTH_EAT (μ‹λ„ 1/3)
2025-12-13 19:01:47,339 [INFO]       β… μƒμ„± μ„±κ³µ! (5κ°)
2025-12-13 19:01:48,344 [INFO]    π”„ μƒμ„± μ‹λ„: [TWICE-Momo] HEALTH_EAT (μ‹λ„ 1/3)
2025-12-13 19:01:51,947 [INFO]       β… μƒμ„± μ„±κ³µ! (5κ°)
2025-12-13 19:01:52,952 [INFO]    π”„ μƒμ„± μ‹λ„: [TWICE-Sana] HEALTH_EAT (μ‹λ„ 1/3)
2025-12-13 19:01:55,838 [INFO]       β… μƒμ„± μ„±κ³µ! (5κ°)
2025-12-13 19:01:56,843 [INFO]    π”„ μƒμ„± μ‹λ„: [TWICE-Jihyo] HEALTH_EAT (μ‹λ„ 1/3)
2025-12-13 19:01:59,318 [INFO]       β… μƒμ„± μ„±κ³µ! (5κ°)
2025-12-13 19:02:00,319 [INFO]    π”„ μƒμ„± μ‹λ„: [TWICE-Mina] HEALTH_EAT (μ‹λ„ 1/3)
2025-12-13 19:02:03,209 [INFO]       β… μƒμ„± μ„±κ³µ! (5κ°)
2025-12-13 19:02:04,209 [INFO]    π”„ μƒμ„± μ‹λ„: [TWICE-Dahyun] HEALTH_EAT (μ‹λ„ 1/3)
2025-12-13 19:02:08,022 [INFO]       β… μƒμ„± μ„±κ³µ! (5κ°)
2025-12-13 19:02:09,023 [INFO]    π”„ μƒμ„± μ‹λ„: [TWICE-Chaeyoung] HEALTH_EAT (μ‹λ„ 1/3)
2025-12-13 19:02:11,609 [INFO]       β… μƒμ„± μ„±κ³µ! (5κ°)
2025-12-13 19:02:12,610 [INFO]    π”„ μƒμ„± μ‹λ„: [TWICE-Tzuyu] HEALTH_EAT (μ‹λ„ 1/3)
2025-12-13 19:02:15,613 [INFO]       β… μƒμ„± μ„±κ³µ! (5κ°)
2025-12-13 19:02:16,621 [INFO] π’Ύ μ¤‘κ°„ μ €μ¥ μ™„λ£ (TWICE)
2025-12-13 19:02:16,621 [INFO]    π”„ μƒμ„± μ‹λ„: [TWICE-All] HEALTH_CARE (μ‹λ„ 1/3)
2025-12-13 19:02:19,185 [INFO]       β… μƒμ„± μ„±κ³µ! (5κ°)
2025-12-13 19:02:20,688 [INFO]    π”„ μƒμ„± μ‹λ„: [TWICE-Nayeon] HEALTH_CARE (μ‹λ„ 1/3)
2025-12-13 19:02:24,613 [INFO]       β… μƒμ„± μ„±κ³µ! (5κ°)
2025-12-13 19:02:25,618 [INFO]    π”„ μƒμ„± μ‹λ„: [TWICE-Jeongyeon] HEALTH_CARE (μ‹λ„ 1/3)
2025-12-13 19:02:29,529 [INFO]       β… μƒμ„± μ„±κ³µ! (5κ°)
2025-12-13 19:02:30,530 [INFO]    π”„ μƒμ„± μ‹λ„: [TWICE-Momo] HEALTH_CARE (μ‹λ„ 1/3)
2025-12-13 19:02:33,418 [INFO]       β… μƒμ„± μ„±κ³µ! (5κ°)
2025-12-13 19:02:34,421 [INFO]    π”„ μƒμ„± μ‹λ„: [TWICE-Sana] HEALTH_CARE (μ‹λ„ 1/3)
2025-12-13 19:02:37,365 [INFO]       β… μƒμ„± μ„±κ³µ! (5κ°)
2025-12-13 19:02:38,367 [INFO]    π”„ μƒμ„± μ‹λ„: [TWICE-Jihyo] HEALTH_CARE (μ‹λ„ 1/3)
2025-12-13 19:02:41,406 [INFO]       β… μƒμ„± μ„±κ³µ! (5κ°)
2025-12-13 19:02:42,411 [INFO]    π”„ μƒμ„± μ‹λ„: [TWICE-Mina] HEALTH_CARE (μ‹λ„ 1/3)
2025-12-13 19:02:45,412 [INFO]       β… μƒμ„± μ„±κ³µ! (5κ°)
2025-12-13 19:02:46,414 [INFO]    π”„ μƒμ„± μ‹λ„: [TWICE-Dahyun] HEALTH_CARE (μ‹λ„ 1/3)
2025-12-13 19:02:49,743 [INFO]       β… μƒμ„± μ„±κ³µ! (5κ°)
2025-12-13 19:02:50,749 [INFO]    π”„ μƒμ„± μ‹λ„: [TWICE-Chaeyoung] HEALTH_CARE (μ‹λ„ 1/3)
2025-12-13 19:02:54,308 [INFO]       β… μƒμ„± μ„±κ³µ! (5κ°)
2025-12-13 19:02:55,313 [INFO]    π”„ μƒμ„± μ‹λ„: [TWICE-Tzuyu] HEALTH_CARE (μ‹λ„ 1/3)
2025-12-13 19:02:58,610 [INFO]       β… μƒμ„± μ„±κ³µ! (5κ°)
2025-12-13 19:02:59,621 [INFO] π’Ύ μ¤‘κ°„ μ €μ¥ μ™„λ£ (TWICE)
2025-12-13 19:02:59,621 [INFO]    π”„ μƒμ„± μ‹λ„: [TWICE-All] GREET_JOB (μ‹λ„ 1/3)
2025-12-13 19:03:01,951 [INFO]       β… μƒμ„± μ„±κ³µ! (5κ°)
2025-12-13 19:03:03,457 [INFO]    π”„ μƒμ„± μ‹λ„: [TWICE-Nayeon] GREET_JOB (μ‹λ„ 1/3)
2025-12-13 19:03:06,118 [INFO]       β… μƒμ„± μ„±κ³µ! (5κ°)
2025-12-13 19:03:07,120 [INFO]    π”„ μƒμ„± μ‹λ„: [TWICE-Jeongyeon] GREET_JOB (μ‹λ„ 1/3)
2025-12-13 19:03:09,260 [INFO]       β… μƒμ„± μ„±κ³µ! (5κ°)
2025-12-13 19:03:10,266 [INFO]    π”„ μƒμ„± μ‹λ„: [TWICE-Momo] GREET_JOB (μ‹λ„ 1/3)
2025-12-13 19:03:12,641 [INFO]       β… μƒμ„± μ„±κ³µ! (5κ°)
2025-12-13 19:03:13,647 [INFO]    π”„ μƒμ„± μ‹λ„: [TWICE-Sana] GREET_JOB (μ‹λ„ 1/3)
2025-12-13 19:03:15,906 [INFO]       β… μƒμ„± μ„±κ³µ! (5κ°)
2025-12-13 19:03:16,911 [INFO]    π”„ μƒμ„± μ‹λ„: [TWICE-Jihyo] GREET_JOB (μ‹λ„ 1/3)
2025-12-13 19:03:19,572 [INFO]       β… μƒμ„± μ„±κ³µ! (5κ°)
2025-12-13 19:03:20,573 [INFO]    π”„ μƒμ„± μ‹λ„: [TWICE-Mina] GREET_JOB (μ‹λ„ 1/3)
2025-12-13 19:03:22,478 [INFO]       β… μƒμ„± μ„±κ³µ! (5κ°)
2025-12-13 19:03:23,479 [INFO]    π”„ μƒμ„± μ‹λ„: [TWICE-Dahyun] GREET_JOB (μ‹λ„ 1/3)
2025-12-13 19:03:27,179 [INFO]       β… μƒμ„± μ„±κ³µ! (5κ°)
2025-12-13 19:03:28,182 [INFO]    π”„ μƒμ„± μ‹λ„: [TWICE-Chaeyoung] GREET_JOB (μ‹λ„ 1/3)
2025-12-13 19:03:30,959 [INFO]       β… μƒμ„± μ„±κ³µ! (5κ°)
2025-12-13 19:03:31,960 [INFO]    π”„ μƒμ„± μ‹λ„: [TWICE-Tzuyu] GREET_JOB (μ‹λ„ 1/3)
2025-12-13 19:03:34,467 [INFO]       β… μƒμ„± μ„±κ³µ! (5κ°)
2025-12-13 19:03:35,477 [INFO] π’Ύ μ¤‘κ°„ μ €μ¥ μ™„λ£ (TWICE)
2025-12-13 19:03:35,485 [INFO] π’Ύ μ¤‘κ°„ μ €μ¥ μ™„λ£ (TWICE)
2025-12-13 19:03:35,491 [INFO] π’Ύ μ¤‘κ°„ μ €μ¥ μ™„λ£ (TWICE)
2025-12-13 19:03:35,496 [INFO] π’Ύ μ¤‘κ°„ μ €μ¥ μ™„λ£ (TWICE)
2025-12-13 19:03:35,501 [INFO] π’Ύ μ¤‘κ°„ μ €μ¥ μ™„λ£ (TWICE)
2025-12-13 19:03:35,506 [INFO] π’Ύ μ¤‘κ°„ μ €μ¥ μ™„λ£ (TWICE)
2025-12-13 19:03:35,511 [INFO] π’Ύ μ¤‘κ°„ μ €μ¥ μ™„λ£ (TWICE)
2025-12-13 19:03:35,517 [INFO] π’Ύ μ¤‘κ°„ μ €μ¥ μ™„λ£ (TWICE)
2025-12-13 19:03:35,523 [INFO] π’Ύ μ¤‘κ°„ μ €μ¥ μ™„λ£ (TWICE)
2025-12-13 19:03:35,528 [INFO] π’Ύ μ¤‘κ°„ μ €μ¥ μ™„λ£ (TWICE)
2025-12-13 19:03:35,535 [INFO] π’Ύ μ¤‘κ°„ μ €μ¥ μ™„λ£ (TWICE)
2025-12-13 19:03:35,540 [INFO] π’Ύ μ¤‘κ°„ μ €μ¥ μ™„λ£ (TWICE)
2025-12-13 19:03:35,546 [INFO] π’Ύ μ¤‘κ°„ μ €μ¥ μ™„λ£ (TWICE)
2025-12-13 19:03:35,553 [INFO] π’Ύ μ¤‘κ°„ μ €μ¥ μ™„λ£ (TWICE)
2025-12-13 19:03:35,559 [INFO] π’Ύ μ¤‘κ°„ μ €μ¥ μ™„λ£ (TWICE)
2025-12-13 19:03:35,564 [INFO] π‰ [TWICE] μ²λ¦¬ μ™„λ£. νμΌ μ €μ¥λ¨.
2025-12-13 19:03:35,564 [INFO] π“‚ [Stray Kids] λ°μ΄ν„° μ²λ¦¬ μ‹μ‘...
2025-12-13 19:03:35,564 [INFO]    π”„ μƒμ„± μ‹λ„: [Stray Kids-All] LOVE_GENERAL (μ‹λ„ 1/3)
2025-12-13 19:03:38,310 [INFO]       β… μƒμ„± μ„±κ³µ! (5κ°)
2025-12-13 19:03:39,810 [INFO]    π”„ μƒμ„± μ‹λ„: [Stray Kids-Bang Chan] LOVE_GENERAL (μ‹λ„ 1/3)
2025-12-13 19:03:42,539 [INFO]       β… μƒμ„± μ„±κ³µ! (5κ°)
2025-12-13 19:03:43,544 [INFO]    π”„ μƒμ„± μ‹λ„: [Stray Kids-Lee Know] LOVE_GENERAL (μ‹λ„ 1/3)
2025-12-13 19:03:46,123 [INFO]       β… μƒμ„± μ„±κ³µ! (5κ°)
2025-12-13 19:03:47,125 [INFO]    π”„ μƒμ„± μ‹λ„: [Stray Kids-Changbin] LOVE_GENERAL (μ‹λ„ 1/3)
2025-12-13 19:03:49,919 [INFO]       β… μƒμ„± μ„±κ³µ! (5κ°)
2025-12-13 19:03:50,925 [INFO]    π”„ μƒμ„± μ‹λ„: [Stray Kids-Hyunjin] LOVE_GENERAL (μ‹λ„ 1/3)
2025-12-13 19:03:53,563 [INFO]       β… μƒμ„± μ„±κ³µ! (5κ°)
2025-12-13 19:03:54,567 [INFO]    π”„ μƒμ„± μ‹λ„: [Stray Kids-Han] LOVE_GENERAL (μ‹λ„ 1/3)
2025-12-13 19:03:57,476 [INFO]       β… μƒμ„± μ„±κ³µ! (5κ°)
2025-12-13 19:03:58,481 [INFO]    π”„ μƒμ„± μ‹λ„: [Stray Kids-Felix] LOVE_GENERAL (μ‹λ„ 1/3)
2025-12-13 19:04:00,563 [INFO]       β… μƒμ„± μ„±κ³µ! (5κ°)
2025-12-13 19:04:01,569 [INFO]    π”„ μƒμ„± μ‹λ„: [Stray Kids-Seungmin] LOVE_GENERAL (μ‹λ„ 1/3)
2025-12-13 19:04:04,352 [INFO]       β… μƒμ„± μ„±κ³µ! (5κ°)
2025-12-13 19:04:05,355 [INFO]    π”„ μƒμ„± μ‹λ„: [Stray Kids-I.N] LOVE_GENERAL (μ‹λ„ 1/3)
2025-12-13 19:04:07,630 [INFO]       β… μƒμ„± μ„±κ³µ! (5κ°)
2025-12-13 19:04:08,636 [INFO]    π”„ μƒμ„± μ‹λ„: [Stray Kids-All] LOVE_DEEP (μ‹λ„ 1/3)
2025-12-13 19:04:10,881 [INFO]       β… μƒμ„± μ„±κ³µ! (5κ°)
2025-12-13 19:04:12,384 [INFO]    π”„ μƒμ„± μ‹λ„: [Stray Kids-Bang Chan] LOVE_DEEP (μ‹λ„ 1/3)
2025-12-13 19:04:14,891 [INFO]       β… μƒμ„± μ„±κ³µ! (5κ°)
2025-12-13 19:04:15,892 [INFO]    π”„ μƒμ„± μ‹λ„: [Stray Kids-Lee Know] LOVE_DEEP (μ‹λ„ 1/3)
2025-12-13 19:04:18,075 [INFO]       β… μƒμ„± μ„±κ³µ! (5κ°)
2025-12-13 19:04:19,075 [INFO]    π”„ μƒμ„± μ‹λ„: [Stray Kids-Changbin] LOVE_DEEP (μ‹λ„ 1/3)
2025-12-13 19:04:20,934 [INFO]       β… μƒμ„± μ„±κ³µ! (5κ°)
2025-12-13 19:04:21,938 [INFO]    π”„ μƒμ„± μ‹λ„: [Stray Kids-Hyunjin] LOVE_DEEP (μ‹λ„ 1/3)
2025-12-13 19:04:25,037 [INFO]       β… μƒμ„± μ„±κ³µ! (5κ°)
2025-12-13 19:04:26,042 [INFO]    π”„ μƒμ„± μ‹λ„: [Stray Kids-Han] LOVE_DEEP (μ‹λ„ 1/3)
2025-12-13 19:04:28,156 [INFO]       β… μƒμ„± μ„±κ³µ! (5κ°)
2025-12-13 19:04:29,157 [INFO]    π”„ μƒμ„± μ‹λ„: [Stray Kids-Felix] LOVE_DEEP (μ‹λ„ 1/3)
2025-12-13 19:04:31,472 [INFO]       β… μƒμ„± μ„±κ³µ! (5κ°)
2025-12-13 19:04:32,478 [INFO]    π”„ μƒμ„± μ‹λ„: [Stray Kids-Seungmin] LOVE_DEEP (μ‹λ„ 1/3)
2025-12-13 19:04:35,277 [INFO]       β… μƒμ„± μ„±κ³µ! (5κ°)
2025-12-13 19:04:36,280 [INFO]    π”„ μƒμ„± μ‹λ„: [Stray Kids-I.N] LOVE_DEEP (μ‹λ„ 1/3)
2025-12-13 19:04:38,345 [INFO]       β… μƒμ„± μ„±κ³µ! (5κ°)
2025-12-13 19:04:39,344 [INFO]    π”„ μƒμ„± μ‹λ„: [Stray Kids-All] REQ_MARRY (μ‹λ„ 1/3)
2025-12-13 19:04:42,231 [INFO]       β… μƒμ„± μ„±κ³µ! (5κ°)
2025-12-13 19:04:43,730 [INFO]    π”„ μƒμ„± μ‹λ„: [Stray Kids-Bang Chan] REQ_MARRY (μ‹λ„ 1/3)
2025-12-13 19:04:46,730 [INFO]       β… μƒμ„± μ„±κ³µ! (5κ°)
2025-12-13 19:04:47,734 [INFO]    π”„ μƒμ„± μ‹λ„: [Stray Kids-Lee Know] REQ_MARRY (μ‹λ„ 1/3)
2025-12-13 19:04:49,740 [INFO]       β… μƒμ„± μ„±κ³µ! (5κ°)
2025-12-13 19:04:50,744 [INFO]    π”„ μƒμ„± μ‹λ„: [Stray Kids-Changbin] REQ_MARRY (μ‹λ„ 1/3)
2025-12-13 19:04:52,997 [INFO]       β… μƒμ„± μ„±κ³µ! (5κ°)
2025-12-13 19:04:53,997 [INFO]    π”„ μƒμ„± μ‹λ„: [Stray Kids-Hyunjin] REQ_MARRY (μ‹λ„ 1/3)
2025-12-13 19:04:56,595 [INFO]       β… μƒμ„± μ„±κ³µ! (5κ°)
2025-12-13 19:04:57,598 [INFO]    π”„ μƒμ„± μ‹λ„: [Stray Kids-Han] REQ_MARRY (μ‹λ„ 1/3)
2025-12-13 19:05:00,343 [INFO]       β… μƒμ„± μ„±κ³µ! (5κ°)
2025-12-13 19:05:01,344 [INFO]    π”„ μƒμ„± μ‹λ„: [Stray Kids-Felix] REQ_MARRY (μ‹λ„ 1/3)
2025-12-13 19:05:04,436 [INFO]       β… μƒμ„± μ„±κ³µ! (5κ°)
2025-12-13 19:05:05,442 [INFO]    π”„ μƒμ„± μ‹λ„: [Stray Kids-Seungmin] REQ_MARRY (μ‹λ„ 1/3)
2025-12-13 19:05:08,125 [INFO]       β… μƒμ„± μ„±κ³µ! (5κ°)
2025-12-13 19:05:09,130 [INFO]    π”„ μƒμ„± μ‹λ„: [Stray Kids-I.N] REQ_MARRY (μ‹λ„ 1/3)
2025-12-13 19:05:11,706 [INFO]       β… μƒμ„± μ„±κ³µ! (5κ°)
2025-12-13 19:05:12,710 [INFO]    π”„ μƒμ„± μ‹λ„: [Stray Kids-All] MISS_YOU (μ‹λ„ 1/3)
2025-12-13 19:05:15,908 [INFO]       β… μƒμ„± μ„±κ³µ! (5κ°)
2025-12-13 19:05:17,412 [INFO]    π”„ μƒμ„± μ‹λ„: [Stray Kids-Bang Chan] MISS_YOU (μ‹λ„ 1/3)
2025-12-13 19:05:19,665 [INFO]       β… μƒμ„± μ„±κ³µ! (5κ°)
2025-12-13 19:05:20,668 [INFO]    π”„ μƒμ„± μ‹λ„: [Stray Kids-Lee Know] MISS_YOU (μ‹λ„ 1/3)
2025-12-13 19:05:22,932 [INFO]       β… μƒμ„± μ„±κ³µ! (5κ°)
2025-12-13 19:05:23,937 [INFO]    π”„ μƒμ„± μ‹λ„: [Stray Kids-Changbin] MISS_YOU (μ‹λ„ 1/3)
2025-12-13 19:05:27,022 [INFO]       β… μƒμ„± μ„±κ³µ! (5κ°)
2025-12-13 19:05:28,026 [INFO]    π”„ μƒμ„± μ‹λ„: [Stray Kids-Hyunjin] MISS_YOU (μ‹λ„ 1/3)
2025-12-13 19:05:31,544 [INFO]       β… μƒμ„± μ„±κ³µ! (5κ°)
2025-12-13 19:05:32,549 [INFO]    π”„ μƒμ„± μ‹λ„: [Stray Kids-Han] MISS_YOU (μ‹λ„ 1/3)
2025-12-13 19:05:36,583 [INFO]       β… μƒμ„± μ„±κ³µ! (5κ°)
2025-12-13 19:05:37,589 [INFO]    π”„ μƒμ„± μ‹λ„: [Stray Kids-Felix] MISS_YOU (μ‹λ„ 1/3)
2025-12-13 19:05:40,333 [INFO]       β… μƒμ„± μ„±κ³µ! (5κ°)
2025-12-13 19:05:41,336 [INFO]    π”„ μƒμ„± μ‹λ„: [Stray Kids-Seungmin] MISS_YOU (μ‹λ„ 1/3)
2025-12-13 19:05:43,956 [INFO]       β… μƒμ„± μ„±κ³µ! (5κ°)
2025-12-13 19:05:44,958 [INFO]    π”„ μƒμ„± μ‹λ„: [Stray Kids-I.N] MISS_YOU (μ‹λ„ 1/3)
2025-12-13 19:05:47,642 [INFO]       β… μƒμ„± μ„±κ³µ! (5κ°)
2025-12-13 19:05:48,642 [INFO]    π”„ μƒμ„± μ‹λ„: [Stray Kids-All] PROMISE_FOREVER (μ‹λ„ 1/3)
2025-12-13 19:05:50,920 [INFO]       β… μƒμ„± μ„±κ³µ! (5κ°)
2025-12-13 19:05:52,424 [INFO]    π”„ μƒμ„± μ‹λ„: [Stray Kids-Bang Chan] PROMISE_FOREVER (μ‹λ„ 1/3)
2025-12-13 19:05:54,373 [INFO]       β… μƒμ„± μ„±κ³µ! (5κ°)
2025-12-13 19:05:55,375 [INFO]    π”„ μƒμ„± μ‹λ„: [Stray Kids-Lee Know] PROMISE_FOREVER (μ‹λ„ 1/3)
2025-12-13 19:05:58,293 [INFO]       β… μƒμ„± μ„±κ³µ! (5κ°)
2025-12-13 19:05:59,293 [INFO]    π”„ μƒμ„± μ‹λ„: [Stray Kids-Changbin] PROMISE_FOREVER (μ‹λ„ 1/3)
2025-12-13 19:06:02,900 [INFO]       β… μƒμ„± μ„±κ³µ! (5κ°)
2025-12-13 19:06:03,900 [INFO]    π”„ μƒμ„± μ‹λ„: [Stray Kids-Hyunjin] PROMISE_FOREVER (μ‹λ„ 1/3)
2025-12-13 19:06:06,646 [INFO]       β… μƒμ„± μ„±κ³µ! (5κ°)
2025-12-13 19:06:07,650 [INFO]    π”„ μƒμ„± μ‹λ„: [Stray Kids-Han] PROMISE_FOREVER (μ‹λ„ 1/3)
2025-12-13 19:06:09,762 [INFO]       β… μƒμ„± μ„±κ³µ! (5κ°)
2025-12-13 19:06:10,786 [INFO]    π”„ μƒμ„± μ‹λ„: [Stray Kids-Felix] PROMISE_FOREVER (μ‹λ„ 1/3)
2025-12-13 19:06:14,268 [INFO]       β… μƒμ„± μ„±κ³µ! (5κ°)
2025-12-13 19:06:15,269 [INFO]    π”„ μƒμ„± μ‹λ„: [Stray Kids-Seungmin] PROMISE_FOREVER (μ‹λ„ 1/3)
2025-12-13 19:06:17,444 [INFO]       β… μƒμ„± μ„±κ³µ! (5κ°)
2025-12-13 19:06:18,448 [INFO]    π”„ μƒμ„± μ‹λ„: [Stray Kids-I.N] PROMISE_FOREVER (μ‹λ„ 1/3)
2025-12-13 19:06:20,930 [INFO]       β… μƒμ„± μ„±κ³µ! (5κ°)
2025-12-13 19:06:21,936 [INFO] π’Ύ μ¤‘κ°„ μ €μ¥ μ™„λ£ (Stray Kids)
2025-12-13 19:06:21,936 [INFO]    π”„ μƒμ„± μ‹λ„: [Stray Kids-All] CONGRAT_BDAY (μ‹λ„ 1/3)
2025-12-13 19:06:24,303 [INFO]       β… μƒμ„± μ„±κ³µ! (5κ°)
2025-12-13 19:06:25,809 [INFO]    π”„ μƒμ„± μ‹λ„: [Stray Kids-Bang Chan] CONGRAT_BDAY (μ‹λ„ 1/3)
2025-12-13 19:06:28,161 [INFO]       β… μƒμ„± μ„±κ³µ! (5κ°)
2025-12-13 19:06:29,164 [INFO]    π”„ μƒμ„± μ‹λ„: [Stray Kids-Lee Know] CONGRAT_BDAY (μ‹λ„ 1/3)
2025-12-13 19:06:31,878 [INFO]       β… μƒμ„± μ„±κ³µ! (5κ°)
2025-12-13 19:06:32,883 [INFO]    π”„ μƒμ„± μ‹λ„: [Stray Kids-Changbin] CONGRAT_BDAY (μ‹λ„ 1/3)
2025-12-13 19:06:34,952 [INFO]       β… μƒμ„± μ„±κ³µ! (5κ°)
2025-12-13 19:06:35,957 [INFO]    π”„ μƒμ„± μ‹λ„: [Stray Kids-Hyunjin] CONGRAT_BDAY (μ‹λ„ 1/3)
2025-12-13 19:06:38,126 [INFO]       β… μƒμ„± μ„±κ³µ! (5κ°)
2025-12-13 19:06:39,132 [INFO]    π”„ μƒμ„± μ‹λ„: [Stray Kids-Han] CONGRAT_BDAY (μ‹λ„ 1/3)
2025-12-13 19:06:42,018 [INFO]       β… μƒμ„± μ„±κ³µ! (5κ°)
2025-12-13 19:06:43,018 [INFO]    π”„ μƒμ„± μ‹λ„: [Stray Kids-Felix] CONGRAT_BDAY (μ‹λ„ 1/3)
2025-12-13 19:06:45,910 [INFO]       β… μƒμ„± μ„±κ³µ! (5κ°)
2025-12-13 19:06:46,910 [INFO]    π”„ μƒμ„± μ‹λ„: [Stray Kids-Seungmin] CONGRAT_BDAY (μ‹λ„ 1/3)
2025-12-13 19:06:49,041 [INFO]       β… μƒμ„± μ„±κ³µ! (5κ°)
2025-12-13 19:06:50,045 [INFO]    π”„ μƒμ„± μ‹λ„: [Stray Kids-I.N] CONGRAT_BDAY (μ‹λ„ 1/3)
2025-12-13 19:06:52,565 [INFO]       β… μƒμ„± μ„±κ³µ! (5κ°)
2025-12-13 19:06:53,569 [INFO]    π”„ μƒμ„± μ‹λ„: [Stray Kids-All] CHEER_UP (μ‹λ„ 1/3)
2025-12-13 19:06:55,880 [INFO]       β… μƒμ„± μ„±κ³µ! (5κ°)
2025-12-13 19:06:57,381 [INFO]    π”„ μƒμ„± μ‹λ„: [Stray Kids-Bang Chan] CHEER_UP (μ‹λ„ 1/3)
2025-12-13 19:06:59,632 [INFO]       β… μƒμ„± μ„±κ³µ! (5κ°)
2025-12-13 19:07:00,636 [INFO]    π”„ μƒμ„± μ‹λ„: [Stray Kids-Lee Know] CHEER_UP (μ‹λ„ 1/3)
2025-12-13 19:07:02,906 [INFO]       β… μƒμ„± μ„±κ³µ! (5κ°)
2025-12-13 19:07:03,910 [INFO]    π”„ μƒμ„± μ‹λ„: [Stray Kids-Changbin] CHEER_UP (μ‹λ„ 1/3)
2025-12-13 19:07:06,287 [INFO]       β… μƒμ„± μ„±κ³µ! (5κ°)
2025-12-13 19:07:07,288 [INFO]    π”„ μƒμ„± μ‹λ„: [Stray Kids-Hyunjin] CHEER_UP (μ‹λ„ 1/3)
2025-12-13 19:07:09,162 [INFO]       β… μƒμ„± μ„±κ³µ! (5κ°)
2025-12-13 19:07:10,165 [INFO]    π”„ μƒμ„± μ‹λ„: [Stray Kids-Han] CHEER_UP (μ‹λ„ 1/3)
2025-12-13 19:07:12,304 [INFO]       β… μƒμ„± μ„±κ³µ! (5κ°)
2025-12-13 19:07:13,307 [INFO]    π”„ μƒμ„± μ‹λ„: [Stray Kids-Felix] CHEER_UP (μ‹λ„ 1/3)
2025-12-13 19:07:15,867 [INFO]       β… μƒμ„± μ„±κ³µ! (5κ°)
2025-12-13 19:07:16,867 [INFO]    π”„ μƒμ„± μ‹λ„: [Stray Kids-Seungmin] CHEER_UP (μ‹λ„ 1/3)
2025-12-13 19:07:19,531 [INFO]       β… μƒμ„± μ„±κ³µ! (5κ°)
2025-12-13 19:07:20,624 [INFO]    π”„ μƒμ„± μ‹λ„: [Stray Kids-I.N] CHEER_UP (μ‹λ„ 1/3)
2025-12-13 19:07:22,876 [INFO]       β… μƒμ„± μ„±κ³µ! (5κ°)
2025-12-13 19:07:23,878 [INFO]    π”„ μƒμ„± μ‹λ„: [Stray Kids-All] PRAISE_GOD (μ‹λ„ 1/3)
2025-12-13 19:07:26,253 [INFO]       β… μƒμ„± μ„±κ³µ! (5κ°)
2025-12-13 19:07:27,757 [INFO]    π”„ μƒμ„± μ‹λ„: [Stray Kids-Bang Chan] PRAISE_GOD (μ‹λ„ 1/3)
2025-12-13 19:07:30,452 [INFO]       β… μƒμ„± μ„±κ³µ! (5κ°)
2025-12-13 19:07:31,457 [INFO]    π”„ μƒμ„± μ‹λ„: [Stray Kids-Lee Know] PRAISE_GOD (μ‹λ„ 1/3)
2025-12-13 19:07:34,343 [INFO]       β… μƒμ„± μ„±κ³µ! (5κ°)
2025-12-13 19:07:35,405 [INFO]    π”„ μƒμ„± μ‹λ„: [Stray Kids-Changbin] PRAISE_GOD (μ‹λ„ 1/3)
2025-12-13 19:07:37,926 [INFO]       β… μƒμ„± μ„±κ³µ! (5κ°)
2025-12-13 19:07:38,930 [INFO]    π”„ μƒμ„± μ‹λ„: [Stray Kids-Hyunjin] PRAISE_GOD (μ‹λ„ 1/3)
2025-12-13 19:07:41,122 [INFO]       β… μƒμ„± μ„±κ³µ! (5κ°)
2025-12-13 19:07:42,123 [INFO]    π”„ μƒμ„± μ‹λ„: [Stray Kids-Han] PRAISE_GOD (μ‹λ„ 1/3)
2025-12-13 19:07:44,990 [INFO]       β… μƒμ„± μ„±κ³µ! (5κ°)
2025-12-13 19:07:45,992 [INFO]    π”„ μƒμ„± μ‹λ„: [Stray Kids-Felix] PRAISE_GOD (μ‹λ„ 1/3)
2025-12-13 19:07:48,953 [INFO]       β… μƒμ„± μ„±κ³µ! (5κ°)
2025-12-13 19:07:49,978 [INFO]    π”„ μƒμ„± μ‹λ„: [Stray Kids-Seungmin] PRAISE_GOD (μ‹λ„ 1/3)
2025-12-13 19:07:53,039 [INFO]       β… μƒμ„± μ„±κ³µ! (5κ°)
2025-12-13 19:07:54,041 [INFO]    π”„ μƒμ„± μ‹λ„: [Stray Kids-I.N] PRAISE_GOD (μ‹λ„ 1/3)
2025-12-13 19:07:56,872 [INFO]       β… μƒμ„± μ„±κ³µ! (5κ°)
2025-12-13 19:07:57,872 [INFO]    π”„ μƒμ„± μ‹λ„: [Stray Kids-All] PRAISE_VISUAL (μ‹λ„ 1/3)
2025-12-13 19:07:59,942 [INFO]       β… μƒμ„± μ„±κ³µ! (5κ°)
2025-12-13 19:08:01,447 [INFO]    π”„ μƒμ„± μ‹λ„: [Stray Kids-Bang Chan] PRAISE_VISUAL (μ‹λ„ 1/3)
2025-12-13 19:08:03,834 [INFO]       β… μƒμ„± μ„±κ³µ! (5κ°)
2025-12-13 19:08:04,839 [INFO]    π”„ μƒμ„± μ‹λ„: [Stray Kids-Lee Know] PRAISE_VISUAL (μ‹λ„ 1/3)
2025-12-13 19:08:07,259 [INFO]       β… μƒμ„± μ„±κ³µ! (5κ°)
2025-12-13 19:08:08,265 [INFO]    π”„ μƒμ„± μ‹λ„: [Stray Kids-Changbin] PRAISE_VISUAL (μ‹λ„ 1/3)
2025-12-13 19:08:10,806 [INFO]       β… μƒμ„± μ„±κ³µ! (5κ°)
2025-12-13 19:08:11,811 [INFO]    π”„ μƒμ„± μ‹λ„: [Stray Kids-Hyunjin] PRAISE_VISUAL (μ‹λ„ 1/3)
2025-12-13 19:08:14,251 [INFO]       β… μƒμ„± μ„±κ³µ! (5κ°)
2025-12-13 19:08:15,255 [INFO]    π”„ μƒμ„± μ‹λ„: [Stray Kids-Han] PRAISE_VISUAL (μ‹λ„ 1/3)
2025-12-13 19:08:17,965 [INFO]       β… μƒμ„± μ„±κ³µ! (5κ°)
2025-12-13 19:08:18,970 [INFO]    π”„ μƒμ„± μ‹λ„: [Stray Kids-Felix] PRAISE_VISUAL (μ‹λ„ 1/3)
2025-12-13 19:08:21,242 [INFO]       β… μƒμ„± μ„±κ³µ! (5κ°)
2025-12-13 19:08:22,246 [INFO]    π”„ μƒμ„± μ‹λ„: [Stray Kids-Seungmin] PRAISE_VISUAL (μ‹λ„ 1/3)
2025-12-13 19:08:25,033 [INFO]       β… μƒμ„± μ„±κ³µ! (5κ°)
2025-12-13 19:08:26,034 [INFO]    π”„ μƒμ„± μ‹λ„: [Stray Kids-I.N] PRAISE_VISUAL (μ‹λ„ 1/3)
2025-12-13 19:08:28,429 [INFO]       β… μƒμ„± μ„±κ³µ! (5κ°)
2025-12-13 19:08:29,432 [INFO]    π”„ μƒμ„± μ‹λ„: [Stray Kids-All] PRAISE_FACE (μ‹λ„ 1/3)
2025-12-13 19:08:32,405 [INFO]       β… μƒμ„± μ„±κ³µ! (5κ°)
2025-12-13 19:08:33,911 [INFO]    π”„ μƒμ„± μ‹λ„: [Stray Kids-Bang Chan] PRAISE_FACE (μ‹λ„ 1/3)
2025-12-13 19:08:36,014 [INFO]       β… μƒμ„± μ„±κ³µ! (5κ°)
2025-12-13 19:08:37,018 [INFO]    π”„ μƒμ„± μ‹λ„: [Stray Kids-Lee Know] PRAISE_FACE (μ‹λ„ 1/3)
2025-12-13 19:08:39,164 [INFO]       β… μƒμ„± μ„±κ³µ! (5κ°)
2025-12-13 19:08:40,167 [INFO]    π”„ μƒμ„± μ‹λ„: [Stray Kids-Changbin] PRAISE_FACE (μ‹λ„ 1/3)
2025-12-13 19:08:43,262 [INFO]       β… μƒμ„± μ„±κ³µ! (5κ°)
2025-12-13 19:08:44,267 [INFO]    π”„ μƒμ„± μ‹λ„: [Stray Kids-Hyunjin] PRAISE_FACE (μ‹λ„ 1/3)
2025-12-13 19:08:46,639 [INFO]       β… μƒμ„± μ„±κ³µ! (5κ°)
2025-12-13 19:08:47,644 [INFO]    π”„ μƒμ„± μ‹λ„: [Stray Kids-Han] PRAISE_FACE (μ‹λ„ 1/3)
2025-12-13 19:08:49,852 [INFO]       β… μƒμ„± μ„±κ³µ! (5κ°)
2025-12-13 19:08:50,854 [INFO]    π”„ μƒμ„± μ‹λ„: [Stray Kids-Felix] PRAISE_FACE (μ‹λ„ 1/3)
2025-12-13 19:08:53,176 [INFO]       β… μƒμ„± μ„±κ³µ! (5κ°)
2025-12-13 19:08:54,181 [INFO]    π”„ μƒμ„± μ‹λ„: [Stray Kids-Seungmin] PRAISE_FACE (μ‹λ„ 1/3)
2025-12-13 19:08:56,711 [INFO]       β… μƒμ„± μ„±κ³µ! (5κ°)
2025-12-13 19:08:57,716 [INFO]    π”„ μƒμ„± μ‹λ„: [Stray Kids-I.N] PRAISE_FACE (μ‹λ„ 1/3)
2025-12-13 19:08:59,951 [INFO]       β… μƒμ„± μ„±κ³µ! (5κ°)
2025-12-13 19:09:00,961 [INFO] π’Ύ μ¤‘κ°„ μ €μ¥ μ™„λ£ (Stray Kids)
2025-12-13 19:09:00,961 [INFO]    π”„ μƒμ„± μ‹λ„: [Stray Kids-All] REQ_HEART (μ‹λ„ 1/3)
2025-12-13 19:09:03,124 [INFO]       β… μƒμ„± μ„±κ³µ! (5κ°)
2025-12-13 19:09:04,629 [INFO]    π”„ μƒμ„± μ‹λ„: [Stray Kids-Bang Chan] REQ_HEART (μ‹λ„ 1/3)
2025-12-13 19:09:08,041 [INFO]       β… μƒμ„± μ„±κ³µ! (5κ°)
2025-12-13 19:09:09,046 [INFO]    π”„ μƒμ„± μ‹λ„: [Stray Kids-Lee Know] REQ_HEART (μ‹λ„ 1/3)
2025-12-13 19:09:11,704 [INFO]       β… μƒμ„± μ„±κ³µ! (5κ°)
2025-12-13 19:09:12,710 [INFO]    π”„ μƒμ„± μ‹λ„: [Stray Kids-Changbin] REQ_HEART (μ‹λ„ 1/3)
2025-12-13 19:09:16,348 [INFO]       β… μƒμ„± μ„±κ³µ! (5κ°)
2025-12-13 19:09:17,354 [INFO]    π”„ μƒμ„± μ‹λ„: [Stray Kids-Hyunjin] REQ_HEART (μ‹λ„ 1/3)
2025-12-13 19:09:19,401 [INFO]       β… μƒμ„± μ„±κ³µ! (5κ°)
2025-12-13 19:09:20,406 [INFO]    π”„ μƒμ„± μ‹λ„: [Stray Kids-Han] REQ_HEART (μ‹λ„ 1/3)
2025-12-13 19:09:24,102 [INFO]       β… μƒμ„± μ„±κ³µ! (5κ°)
2025-12-13 19:09:25,106 [INFO]    π”„ μƒμ„± μ‹λ„: [Stray Kids-Felix] REQ_HEART (μ‹λ„ 1/3)
2025-12-13 19:09:28,521 [INFO]       β… μƒμ„± μ„±κ³µ! (5κ°)
2025-12-13 19:09:29,526 [INFO]    π”„ μƒμ„± μ‹λ„: [Stray Kids-Seungmin] REQ_HEART (μ‹λ„ 1/3)
2025-12-13 19:09:31,900 [INFO]       β… μƒμ„± μ„±κ³µ! (5κ°)
2025-12-13 19:09:32,900 [INFO]    π”„ μƒμ„± μ‹λ„: [Stray Kids-I.N] REQ_HEART (μ‹λ„ 1/3)
2025-12-13 19:09:35,584 [INFO]       β… μƒμ„± μ„±κ³µ! (5κ°)
2025-12-13 19:09:36,590 [INFO]    π”„ μƒμ„± μ‹λ„: [Stray Kids-All] HEALTH_EAT (μ‹λ„ 1/3)
2025-12-13 19:09:39,989 [INFO]       β… μƒμ„± μ„±κ³µ! (5κ°)
2025-12-13 19:09:41,493 [INFO]    π”„ μƒμ„± μ‹λ„: [Stray Kids-Bang Chan] HEALTH_EAT (μ‹λ„ 1/3)
2025-12-13 19:09:45,335 [INFO]       β… μƒμ„± μ„±κ³µ! (10κ°)
2025-12-13 19:09:46,337 [INFO]    π”„ μƒμ„± μ‹λ„: [Stray Kids-Lee Know] HEALTH_EAT (μ‹λ„ 1/3)
2025-12-13 19:09:48,843 [INFO]       β… μƒμ„± μ„±κ³µ! (5κ°)
2025-12-13 19:09:49,845 [INFO]    π”„ μƒμ„± μ‹λ„: [Stray Kids-Changbin] HEALTH_EAT (μ‹λ„ 1/3)
2025-12-13 19:09:52,585 [INFO]       β… μƒμ„± μ„±κ³µ! (5κ°)
2025-12-13 19:09:53,588 [INFO]    π”„ μƒμ„± μ‹λ„: [Stray Kids-Hyunjin] HEALTH_EAT (μ‹λ„ 1/3)
2025-12-13 19:09:56,918 [INFO]       β… μƒμ„± μ„±κ³µ! (5κ°)
2025-12-13 19:09:57,924 [INFO]    π”„ μƒμ„± μ‹λ„: [Stray Kids-Han] HEALTH_EAT (μ‹λ„ 1/3)
2025-12-13 19:10:01,288 [INFO]       β… μƒμ„± μ„±κ³µ! (5κ°)
2025-12-13 19:10:02,292 [INFO]    π”„ μƒμ„± μ‹λ„: [Stray Kids-Felix] HEALTH_EAT (μ‹λ„ 1/3)
2025-12-13 19:10:04,816 [INFO]       β… μƒμ„± μ„±κ³µ! (5κ°)
2025-12-13 19:10:05,821 [INFO]    π”„ μƒμ„± μ‹λ„: [Stray Kids-Seungmin] HEALTH_EAT (μ‹λ„ 1/3)
2025-12-13 19:10:08,149 [INFO]       β… μƒμ„± μ„±κ³µ! (5κ°)
2025-12-13 19:10:09,155 [INFO]    π”„ μƒμ„± μ‹λ„: [Stray Kids-I.N] HEALTH_EAT (μ‹λ„ 1/3)
2025-12-13 19:10:11,937 [INFO]       β… μƒμ„± μ„±κ³µ! (5κ°)
2025-12-13 19:10:12,941 [INFO]    π”„ μƒμ„± μ‹λ„: [Stray Kids-All] HEALTH_CARE (μ‹λ„ 1/3)
2025-12-13 19:10:15,541 [INFO]       β… μƒμ„± μ„±κ³µ! (5κ°)
2025-12-13 19:10:17,047 [INFO]    π”„ μƒμ„± μ‹λ„: [Stray Kids-Bang Chan] HEALTH_CARE (μ‹λ„ 1/3)
2025-12-13 19:10:20,525 [INFO]       β… μƒμ„± μ„±κ³µ! (5κ°)
2025-12-13 19:10:21,525 [INFO]    π”„ μƒμ„± μ‹λ„: [Stray Kids-Lee Know] HEALTH_CARE (μ‹λ„ 1/3)
2025-12-13 19:10:25,322 [INFO]       β… μƒμ„± μ„±κ³µ! (5κ°)
2025-12-13 19:10:26,325 [INFO]    π”„ μƒμ„± μ‹λ„: [Stray Kids-Changbin] HEALTH_CARE (μ‹λ„ 1/3)
2025-12-13 19:10:29,744 [INFO]       β… μƒμ„± μ„±κ³µ! (5κ°)
2025-12-13 19:10:30,749 [INFO]    π”„ μƒμ„± μ‹λ„: [Stray Kids-Hyunjin] HEALTH_CARE (μ‹λ„ 1/3)
2025-12-13 19:10:34,627 [INFO]       β… μƒμ„± μ„±κ³µ! (5κ°)
2025-12-13 19:10:35,633 [INFO]    π”„ μƒμ„± μ‹λ„: [Stray Kids-Han] HEALTH_CARE (μ‹λ„ 1/3)
2025-12-13 19:10:38,561 [INFO]       β… μƒμ„± μ„±κ³µ! (5κ°)
2025-12-13 19:10:39,564 [INFO]    π”„ μƒμ„± μ‹λ„: [Stray Kids-Felix] HEALTH_CARE (μ‹λ„ 1/3)
2025-12-13 19:10:43,785 [INFO]       β… μƒμ„± μ„±κ³µ! (5κ°)
2025-12-13 19:10:44,790 [INFO]    π”„ μƒμ„± μ‹λ„: [Stray Kids-Seungmin] HEALTH_CARE (μ‹λ„ 1/3)
2025-12-13 19:10:47,905 [INFO]       β… μƒμ„± μ„±κ³µ! (5κ°)
2025-12-13 19:10:48,908 [INFO]    π”„ μƒμ„± μ‹λ„: [Stray Kids-I.N] HEALTH_CARE (μ‹λ„ 1/3)
2025-12-13 19:10:52,590 [INFO]       β… μƒμ„± μ„±κ³µ! (5κ°)
2025-12-13 19:10:53,591 [INFO]    π”„ μƒμ„± μ‹λ„: [Stray Kids-All] GREET_JOB (μ‹λ„ 1/3)
2025-12-13 19:10:55,970 [INFO]       β… μƒμ„± μ„±κ³µ! (5κ°)
2025-12-13 19:10:57,471 [INFO]    π”„ μƒμ„± μ‹λ„: [Stray Kids-Bang Chan] GREET_JOB (μ‹λ„ 1/3)
2025-12-13 19:10:59,821 [INFO]       β… μƒμ„± μ„±κ³µ! (5κ°)
2025-12-13 19:11:00,822 [INFO]    π”„ μƒμ„± μ‹λ„: [Stray Kids-Lee Know] GREET_JOB (μ‹λ„ 1/3)
2025-12-13 19:11:04,263 [INFO]       β… μƒμ„± μ„±κ³µ! (5κ°)
2025-12-13 19:11:05,267 [INFO]    π”„ μƒμ„± μ‹λ„: [Stray Kids-Changbin] GREET_JOB (μ‹λ„ 1/3)
2025-12-13 19:11:08,154 [INFO]       β… μƒμ„± μ„±κ³µ! (5κ°)
2025-12-13 19:11:09,162 [INFO]    π”„ μƒμ„± μ‹λ„: [Stray Kids-Hyunjin] GREET_JOB (μ‹λ„ 1/3)
2025-12-13 19:11:11,740 [INFO]       β… μƒμ„± μ„±κ³µ! (5κ°)
2025-12-13 19:11:12,745 [INFO]    π”„ μƒμ„± μ‹λ„: [Stray Kids-Han] GREET_JOB (μ‹λ„ 1/3)
2025-12-13 19:11:15,618 [INFO]       β… μƒμ„± μ„±κ³µ! (5κ°)
2025-12-13 19:11:16,623 [INFO]    π”„ μƒμ„± μ‹λ„: [Stray Kids-Felix] GREET_JOB (μ‹λ„ 1/3)
2025-12-13 19:11:19,932 [INFO]       β… μƒμ„± μ„±κ³µ! (5κ°)
2025-12-13 19:11:20,936 [INFO]    π”„ μƒμ„± μ‹λ„: [Stray Kids-Seungmin] GREET_JOB (μ‹λ„ 1/3)
2025-12-13 19:11:23,632 [INFO]       β… μƒμ„± μ„±κ³µ! (5κ°)
2025-12-13 19:11:24,633 [INFO]    π”„ μƒμ„± μ‹λ„: [Stray Kids-I.N] GREET_JOB (μ‹λ„ 1/3)
2025-12-13 19:11:27,200 [INFO]       β… μƒμ„± μ„±κ³µ! (5κ°)
2025-12-13 19:11:28,209 [INFO] π‰ [Stray Kids] μ²λ¦¬ μ™„λ£. νμΌ μ €μ¥λ¨.
2025-12-13 19:11:28,209 [INFO] π“‚ [IVE] λ°μ΄ν„° μ²λ¦¬ μ‹μ‘...
2025-12-13 19:11:28,209 [INFO]    π”„ μƒμ„± μ‹λ„: [IVE-All] LOVE_GENERAL (μ‹λ„ 1/3)
2025-12-13 19:11:30,273 [INFO]       β… μƒμ„± μ„±κ³µ! (5κ°)
2025-12-13 19:11:31,777 [INFO]    π”„ μƒμ„± μ‹λ„: [IVE-Yujin] LOVE_GENERAL (μ‹λ„ 1/3)
2025-12-13 19:11:34,370 [INFO]       β… μƒμ„± μ„±κ³µ! (5κ°)
2025-12-13 19:11:35,376 [INFO]    π”„ μƒμ„± μ‹λ„: [IVE-Gaeul] LOVE_GENERAL (μ‹λ„ 1/3)
2025-12-13 19:11:38,569 [INFO]       β… μƒμ„± μ„±κ³µ! (5κ°)
2025-12-13 19:11:39,574 [INFO]    π”„ μƒμ„± μ‹λ„: [IVE-Rei] LOVE_GENERAL (μ‹λ„ 1/3)
2025-12-13 19:11:41,538 [INFO]       β… μƒμ„± μ„±κ³µ! (5κ°)
2025-12-13 19:11:42,540 [INFO]    π”„ μƒμ„± μ‹λ„: [IVE-Wonyoung] LOVE_GENERAL (μ‹λ„ 1/3)
2025-12-13 19:11:45,122 [INFO]       β… μƒμ„± μ„±κ³µ! (5κ°)
2025-12-13 19:11:46,123 [INFO]    π”„ μƒμ„± μ‹λ„: [IVE-Liz] LOVE_GENERAL (μ‹λ„ 1/3)
2025-12-13 19:11:48,541 [INFO]       β… μƒμ„± μ„±κ³µ! (5κ°)
2025-12-13 19:11:49,547 [INFO]    π”„ μƒμ„± μ‹λ„: [IVE-Leeseo] LOVE_GENERAL (μ‹λ„ 1/3)
2025-12-13 19:11:51,571 [INFO]       β… μƒμ„± μ„±κ³µ! (5κ°)
2025-12-13 19:11:52,572 [INFO]    π”„ μƒμ„± μ‹λ„: [IVE-All] LOVE_DEEP (μ‹λ„ 1/3)
2025-12-13 19:11:54,852 [INFO]       β… μƒμ„± μ„±κ³µ! (5κ°)
2025-12-13 19:11:56,355 [INFO]    π”„ μƒμ„± μ‹λ„: [IVE-Yujin] LOVE_DEEP (μ‹λ„ 1/3)
2025-12-13 19:11:58,842 [INFO]       β… μƒμ„± μ„±κ³µ! (5κ°)
2025-12-13 19:11:59,847 [INFO]    π”„ μƒμ„± μ‹λ„: [IVE-Gaeul] LOVE_DEEP (μ‹λ„ 1/3)
2025-12-13 19:12:02,009 [INFO]       β… μƒμ„± μ„±κ³µ! (5κ°)
2025-12-13 19:12:03,012 [INFO]    π”„ μƒμ„± μ‹λ„: [IVE-Rei] LOVE_DEEP (μ‹λ„ 1/3)
2025-12-13 19:12:05,191 [INFO]       β… μƒμ„± μ„±κ³µ! (5κ°)
2025-12-13 19:12:06,192 [INFO]    π”„ μƒμ„± μ‹λ„: [IVE-Wonyoung] LOVE_DEEP (μ‹λ„ 1/3)
2025-12-13 19:12:08,842 [INFO]       β… μƒμ„± μ„±κ³µ! (5κ°)
2025-12-13 19:12:09,851 [INFO]    π”„ μƒμ„± μ‹λ„: [IVE-Liz] LOVE_DEEP (μ‹λ„ 1/3)
2025-12-13 19:12:12,092 [INFO]       β… μƒμ„± μ„±κ³µ! (5κ°)
2025-12-13 19:12:13,098 [INFO]    π”„ μƒμ„± μ‹λ„: [IVE-Leeseo] LOVE_DEEP (μ‹λ„ 1/3)
2025-12-13 19:12:15,226 [INFO]       β… μƒμ„± μ„±κ³µ! (5κ°)
2025-12-13 19:12:16,236 [INFO]    π”„ μƒμ„± μ‹λ„: [IVE-All] REQ_MARRY (μ‹λ„ 1/3)
2025-12-13 19:12:19,016 [INFO]       β… μƒμ„± μ„±κ³µ! (5κ°)
2025-12-13 19:12:20,521 [INFO]    π”„ μƒμ„± μ‹λ„: [IVE-Yujin] REQ_MARRY (μ‹λ„ 1/3)
2025-12-13 19:12:23,827 [INFO]       β… μƒμ„± μ„±κ³µ! (5κ°)
2025-12-13 19:12:24,831 [INFO]    π”„ μƒμ„± μ‹λ„: [IVE-Gaeul] REQ_MARRY (μ‹λ„ 1/3)
2025-12-13 19:12:27,412 [INFO]       β… μƒμ„± μ„±κ³µ! (5κ°)
2025-12-13 19:12:28,419 [INFO]    π”„ μƒμ„± μ‹λ„: [IVE-Rei] REQ_MARRY (μ‹λ„ 1/3)
2025-12-13 19:12:30,184 [INFO]       β… μƒμ„± μ„±κ³µ! (5κ°)
2025-12-13 19:12:31,187 [INFO]    π”„ μƒμ„± μ‹λ„: [IVE-Wonyoung] REQ_MARRY (μ‹λ„ 1/3)
2025-12-13 19:12:33,966 [INFO]       β… μƒμ„± μ„±κ³µ! (5κ°)
2025-12-13 19:12:34,970 [INFO]    π”„ μƒμ„± μ‹λ„: [IVE-Liz] REQ_MARRY (μ‹λ„ 1/3)
2025-12-13 19:12:37,572 [INFO]       β… μƒμ„± μ„±κ³µ! (5κ°)
2025-12-13 19:12:38,574 [INFO]    π”„ μƒμ„± μ‹λ„: [IVE-Leeseo] REQ_MARRY (μ‹λ„ 1/3)
2025-12-13 19:12:40,932 [INFO]       β… μƒμ„± μ„±κ³µ! (5κ°)
2025-12-13 19:12:41,935 [INFO]    π”„ μƒμ„± μ‹λ„: [IVE-All] MISS_YOU (μ‹λ„ 1/3)
2025-12-13 19:12:44,212 [INFO]       β… μƒμ„± μ„±κ³µ! (5κ°)
2025-12-13 19:12:45,714 [INFO]    π”„ μƒμ„± μ‹λ„: [IVE-Yujin] MISS_YOU (μ‹λ„ 1/3)
2025-12-13 19:12:48,212 [INFO]       β… μƒμ„± μ„±κ³µ! (5κ°)
2025-12-13 19:12:49,219 [INFO]    π”„ μƒμ„± μ‹λ„: [IVE-Gaeul] MISS_YOU (μ‹λ„ 1/3)
2025-12-13 19:12:51,171 [INFO]       β… μƒμ„± μ„±κ³µ! (5κ°)
2025-12-13 19:12:52,173 [INFO]    π”„ μƒμ„± μ‹λ„: [IVE-Rei] MISS_YOU (μ‹λ„ 1/3)
2025-12-13 19:12:56,905 [INFO]       β… μƒμ„± μ„±κ³µ! (5κ°)
2025-12-13 19:12:57,905 [INFO]    π”„ μƒμ„± μ‹λ„: [IVE-Wonyoung] MISS_YOU (μ‹λ„ 1/3)
2025-12-13 19:13:00,183 [INFO]       β… μƒμ„± μ„±κ³µ! (5κ°)
2025-12-13 19:13:01,188 [INFO]    π”„ μƒμ„± μ‹λ„: [IVE-Liz] MISS_YOU (μ‹λ„ 1/3)
2025-12-13 19:13:04,276 [INFO]       β… μƒμ„± μ„±κ³µ! (5κ°)
2025-12-13 19:13:05,280 [INFO]    π”„ μƒμ„± μ‹λ„: [IVE-Leeseo] MISS_YOU (μ‹λ„ 1/3)
2025-12-13 19:13:07,758 [INFO]       β… μƒμ„± μ„±κ³µ! (5κ°)
2025-12-13 19:13:08,761 [INFO]    π”„ μƒμ„± μ‹λ„: [IVE-All] PROMISE_FOREVER (μ‹λ„ 1/3)
2025-12-13 19:13:12,984 [INFO]       β… μƒμ„± μ„±κ³µ! (5κ°)
2025-12-13 19:13:14,486 [INFO]    π”„ μƒμ„± μ‹λ„: [IVE-Yujin] PROMISE_FOREVER (μ‹λ„ 1/3)
2025-12-13 19:13:16,872 [INFO]       β… μƒμ„± μ„±κ³µ! (5κ°)
2025-12-13 19:13:17,877 [INFO]    π”„ μƒμ„± μ‹λ„: [IVE-Gaeul] PROMISE_FOREVER (μ‹λ„ 1/3)
2025-12-13 19:13:20,457 [INFO]       β… μƒμ„± μ„±κ³µ! (5κ°)
2025-12-13 19:13:21,460 [INFO]    π”„ μƒμ„± μ‹λ„: [IVE-Rei] PROMISE_FOREVER (μ‹λ„ 1/3)
2025-12-13 19:13:24,142 [INFO]       β… μƒμ„± μ„±κ³µ! (5κ°)
2025-12-13 19:13:25,148 [INFO]    π”„ μƒμ„± μ‹λ„: [IVE-Wonyoung] PROMISE_FOREVER (μ‹λ„ 1/3)
2025-12-13 19:13:27,626 [INFO]       β… μƒμ„± μ„±κ³µ! (5κ°)
2025-12-13 19:13:28,630 [INFO]    π”„ μƒμ„± μ‹λ„: [IVE-Liz] PROMISE_FOREVER (μ‹λ„ 1/3)
2025-12-13 19:13:30,692 [INFO]       β… μƒμ„± μ„±κ³µ! (5κ°)
2025-12-13 19:13:31,696 [INFO]    π”„ μƒμ„± μ‹λ„: [IVE-Leeseo] PROMISE_FOREVER (μ‹λ„ 1/3)
2025-12-13 19:13:34,791 [INFO]       β… μƒμ„± μ„±κ³µ! (5κ°)
2025-12-13 19:13:35,798 [INFO] π’Ύ μ¤‘κ°„ μ €μ¥ μ™„λ£ (IVE)
2025-12-13 19:13:35,798 [INFO]    π”„ μƒμ„± μ‹λ„: [IVE-All] CONGRAT_BDAY (μ‹λ„ 1/3)
2025-12-13 19:13:38,143 [INFO]       β… μƒμ„± μ„±κ³µ! (5κ°)
2025-12-13 19:13:39,646 [INFO]    π”„ μƒμ„± μ‹λ„: [IVE-Yujin] CONGRAT_BDAY (μ‹λ„ 1/3)
2025-12-13 19:13:42,115 [INFO]       β… μƒμ„± μ„±κ³µ! (5κ°)
2025-12-13 19:13:43,115 [INFO]    π”„ μƒμ„± μ‹λ„: [IVE-Gaeul] CONGRAT_BDAY (μ‹λ„ 1/3)
2025-12-13 19:13:46,159 [INFO]       β… μƒμ„± μ„±κ³µ! (5κ°)
2025-12-13 19:13:47,164 [INFO]    π”„ μƒμ„± μ‹λ„: [IVE-Rei] CONGRAT_BDAY (μ‹λ„ 1/3)
2025-12-13 19:13:50,356 [INFO]       β… μƒμ„± μ„±κ³µ! (5κ°)
2025-12-13 19:13:51,359 [INFO]    π”„ μƒμ„± μ‹λ„: [IVE-Wonyoung] CONGRAT_BDAY (μ‹λ„ 1/3)
2025-12-13 19:13:53,736 [INFO]       β… μƒμ„± μ„±κ³µ! (5κ°)
2025-12-13 19:13:54,741 [INFO]    π”„ μƒμ„± μ‹λ„: [IVE-Liz] CONGRAT_BDAY (μ‹λ„ 1/3)
2025-12-13 19:13:57,423 [INFO]       β… μƒμ„± μ„±κ³µ! (5κ°)
2025-12-13 19:13:58,426 [INFO]    π”„ μƒμ„± μ‹λ„: [IVE-Leeseo] CONGRAT_BDAY (μ‹λ„ 1/3)
2025-12-13 19:14:00,626 [INFO]       β… μƒμ„± μ„±κ³µ! (5κ°)
2025-12-13 19:14:01,630 [INFO]    π”„ μƒμ„± μ‹λ„: [IVE-All] CHEER_UP (μ‹λ„ 1/3)
2025-12-13 19:14:04,180 [INFO]       β… μƒμ„± μ„±κ³µ! (5κ°)
2025-12-13 19:14:05,684 [INFO]    π”„ μƒμ„± μ‹λ„: [IVE-Yujin] CHEER_UP (μ‹λ„ 1/3)
2025-12-13 19:14:08,154 [INFO]       β… μƒμ„± μ„±κ³µ! (5κ°)
2025-12-13 19:14:09,160 [INFO]    π”„ μƒμ„± μ‹λ„: [IVE-Gaeul] CHEER_UP (μ‹λ„ 1/3)
2025-12-13 19:14:11,095 [INFO]       β… μƒμ„± μ„±κ³µ! (5κ°)
2025-12-13 19:14:12,096 [INFO]    π”„ μƒμ„± μ‹λ„: [IVE-Rei] CHEER_UP (μ‹λ„ 1/3)
2025-12-13 19:14:14,318 [INFO]       β… μƒμ„± μ„±κ³µ! (5κ°)
2025-12-13 19:14:15,324 [INFO]    π”„ μƒμ„± μ‹λ„: [IVE-Wonyoung] CHEER_UP (μ‹λ„ 1/3)
2025-12-13 19:14:18,107 [INFO]       β… μƒμ„± μ„±κ³µ! (5κ°)
2025-12-13 19:14:19,108 [INFO]    π”„ μƒμ„± μ‹λ„: [IVE-Liz] CHEER_UP (μ‹λ„ 1/3)
2025-12-13 19:14:21,682 [INFO]       β… μƒμ„± μ„±κ³µ! (5κ°)
2025-12-13 19:14:22,684 [INFO]    π”„ μƒμ„± μ‹λ„: [IVE-Leeseo] CHEER_UP (μ‹λ„ 1/3)
2025-12-13 19:14:24,961 [INFO]       β… μƒμ„± μ„±κ³µ! (5κ°)
2025-12-13 19:14:25,964 [INFO]    π”„ μƒμ„± μ‹λ„: [IVE-All] PRAISE_GOD (μ‹λ„ 1/3)
2025-12-13 19:14:28,041 [INFO]       β… μƒμ„± μ„±κ³µ! (5κ°)
2025-12-13 19:14:29,546 [INFO]    π”„ μƒμ„± μ‹λ„: [IVE-Yujin] PRAISE_GOD (μ‹λ„ 1/3)
2025-12-13 19:14:31,505 [INFO]       β… μƒμ„± μ„±κ³µ! (5κ°)
2025-12-13 19:14:32,510 [INFO]    π”„ μƒμ„± μ‹λ„: [IVE-Gaeul] PRAISE_GOD (μ‹λ„ 1/3)
2025-12-13 19:14:35,209 [INFO]       β… μƒμ„± μ„±κ³µ! (5κ°)
2025-12-13 19:14:36,214 [INFO]    π”„ μƒμ„± μ‹λ„: [IVE-Rei] PRAISE_GOD (μ‹λ„ 1/3)
2025-12-13 19:14:37,994 [INFO]       β… μƒμ„± μ„±κ³µ! (5κ°)
2025-12-13 19:14:38,999 [INFO]    π”„ μƒμ„± μ‹λ„: [IVE-Wonyoung] PRAISE_GOD (μ‹λ„ 1/3)
2025-12-13 19:14:41,478 [INFO]       β… μƒμ„± μ„±κ³µ! (5κ°)
2025-12-13 19:14:42,479 [INFO]    π”„ μƒμ„± μ‹λ„: [IVE-Liz] PRAISE_GOD (μ‹λ„ 1/3)
2025-12-13 19:14:45,039 [INFO]       β… μƒμ„± μ„±κ³µ! (5κ°)
2025-12-13 19:14:46,044 [INFO]    π”„ μƒμ„± μ‹λ„: [IVE-Leeseo] PRAISE_GOD (μ‹λ„ 1/3)
2025-12-13 19:14:48,397 [INFO]       β… μƒμ„± μ„±κ³µ! (5κ°)
2025-12-13 19:14:49,401 [INFO]    π”„ μƒμ„± μ‹λ„: [IVE-All] PRAISE_VISUAL (μ‹λ„ 1/3)
2025-12-13 19:14:51,491 [INFO]       β… μƒμ„± μ„±κ³µ! (5κ°)
2025-12-13 19:14:52,995 [INFO]    π”„ μƒμ„± μ‹λ„: [IVE-Yujin] PRAISE_VISUAL (μ‹λ„ 1/3)
2025-12-13 19:14:55,378 [INFO]       β… μƒμ„± μ„±κ³µ! (5κ°)
2025-12-13 19:14:56,379 [INFO]    π”„ μƒμ„± μ‹λ„: [IVE-Gaeul] PRAISE_VISUAL (μ‹λ„ 1/3)
2025-12-13 19:14:59,017 [INFO]       β… μƒμ„± μ„±κ³µ! (5κ°)
2025-12-13 19:15:00,018 [INFO]    π”„ μƒμ„± μ‹λ„: [IVE-Rei] PRAISE_VISUAL (μ‹λ„ 1/3)
2025-12-13 19:15:03,382 [INFO]       β… μƒμ„± μ„±κ³µ! (5κ°)
2025-12-13 19:15:04,387 [INFO]    π”„ μƒμ„± μ‹λ„: [IVE-Wonyoung] PRAISE_VISUAL (μ‹λ„ 1/3)
2025-12-13 19:15:06,645 [INFO]       β… μƒμ„± μ„±κ³µ! (5κ°)
2025-12-13 19:15:07,645 [INFO]    π”„ μƒμ„± μ‹λ„: [IVE-Liz] PRAISE_VISUAL (μ‹λ„ 1/3)
2025-12-13 19:15:10,101 [INFO]       β… μƒμ„± μ„±κ³µ! (5κ°)
2025-12-13 19:15:11,107 [INFO]    π”„ μƒμ„± μ‹λ„: [IVE-Leeseo] PRAISE_VISUAL (μ‹λ„ 1/3)
2025-12-13 19:15:13,374 [INFO]       β… μƒμ„± μ„±κ³µ! (5κ°)
2025-12-13 19:15:14,379 [INFO]    π”„ μƒμ„± μ‹λ„: [IVE-All] PRAISE_FACE (μ‹λ„ 1/3)
2025-12-13 19:15:16,763 [INFO]       β… μƒμ„± μ„±κ³µ! (5κ°)
2025-12-13 19:15:18,269 [INFO]    π”„ μƒμ„± μ‹λ„: [IVE-Yujin] PRAISE_FACE (μ‹λ„ 1/3)
2025-12-13 19:15:20,573 [INFO]       β… μƒμ„± μ„±κ³µ! (5κ°)
2025-12-13 19:15:21,573 [INFO]    π”„ μƒμ„± μ‹λ„: [IVE-Gaeul] PRAISE_FACE (μ‹λ„ 1/3)
2025-12-13 19:15:23,804 [INFO]       β… μƒμ„± μ„±κ³µ! (5κ°)
2025-12-13 19:15:24,809 [INFO]    π”„ μƒμ„± μ‹λ„: [IVE-Rei] PRAISE_FACE (μ‹λ„ 1/3)
2025-12-13 19:15:27,228 [INFO]       β… μƒμ„± μ„±κ³µ! (5κ°)
2025-12-13 19:15:28,231 [INFO]    π”„ μƒμ„± μ‹λ„: [IVE-Wonyoung] PRAISE_FACE (μ‹λ„ 1/3)
2025-12-13 19:15:30,710 [INFO]       β… μƒμ„± μ„±κ³µ! (5κ°)
2025-12-13 19:15:31,714 [INFO]    π”„ μƒμ„± μ‹λ„: [IVE-Liz] PRAISE_FACE (μ‹λ„ 1/3)
2025-12-13 19:15:33,875 [INFO]       β… μƒμ„± μ„±κ³µ! (5κ°)
2025-12-13 19:15:34,878 [INFO]    π”„ μƒμ„± μ‹λ„: [IVE-Leeseo] PRAISE_FACE (μ‹λ„ 1/3)
2025-12-13 19:15:37,160 [INFO]       β… μƒμ„± μ„±κ³µ! (5κ°)
2025-12-13 19:15:38,167 [INFO] π’Ύ μ¤‘κ°„ μ €μ¥ μ™„λ£ (IVE)
2025-12-13 19:15:38,167 [INFO]    π”„ μƒμ„± μ‹λ„: [IVE-All] REQ_HEART (μ‹λ„ 1/3)
2025-12-13 19:15:40,847 [INFO]       β… μƒμ„± μ„±κ³µ! (5κ°)
2025-12-13 19:15:42,353 [INFO]    π”„ μƒμ„± μ‹λ„: [IVE-Yujin] REQ_HEART (μ‹λ„ 1/3)
2025-12-13 19:15:44,737 [INFO]       β… μƒμ„± μ„±κ³µ! (5κ°)
2025-12-13 19:15:45,743 [INFO]    π”„ μƒμ„± μ‹λ„: [IVE-Gaeul] REQ_HEART (μ‹λ„ 1/3)
2025-12-13 19:15:49,435 [INFO]       β… μƒμ„± μ„±κ³µ! (5κ°)
2025-12-13 19:15:50,440 [INFO]    π”„ μƒμ„± μ‹λ„: [IVE-Rei] REQ_HEART (μ‹λ„ 1/3)
2025-12-13 19:15:54,364 [INFO]       β… μƒμ„± μ„±κ³µ! (5κ°)
2025-12-13 19:15:55,370 [INFO]    π”„ μƒμ„± μ‹λ„: [IVE-Wonyoung] REQ_HEART (μ‹λ„ 1/3)
2025-12-13 19:15:57,766 [INFO]       β… μƒμ„± μ„±κ³µ! (5κ°)
2025-12-13 19:15:58,771 [INFO]    π”„ μƒμ„± μ‹λ„: [IVE-Liz] REQ_HEART (μ‹λ„ 1/3)
2025-12-13 19:16:02,035 [INFO]       β… μƒμ„± μ„±κ³µ! (5κ°)
2025-12-13 19:16:03,041 [INFO]    π”„ μƒμ„± μ‹λ„: [IVE-Leeseo] REQ_HEART (μ‹λ„ 1/3)
2025-12-13 19:16:06,038 [INFO]       β… μƒμ„± μ„±κ³µ! (5κ°)
2025-12-13 19:16:07,044 [INFO]    π”„ μƒμ„± μ‹λ„: [IVE-All] HEALTH_EAT (μ‹λ„ 1/3)
2025-12-13 19:16:09,620 [INFO]       β… μƒμ„± μ„±κ³µ! (5κ°)
2025-12-13 19:16:11,125 [INFO]    π”„ μƒμ„± μ‹λ„: [IVE-Yujin] HEALTH_EAT (μ‹λ„ 1/3)
2025-12-13 19:16:14,948 [INFO]       β… μƒμ„± μ„±κ³µ! (5κ°)
2025-12-13 19:16:15,951 [INFO]    π”„ μƒμ„± μ‹λ„: [IVE-Gaeul] HEALTH_EAT (μ‹λ„ 1/3)
2025-12-13 19:16:19,803 [INFO]       β… μƒμ„± μ„±κ³µ! (5κ°)
2025-12-13 19:16:20,809 [INFO]    π”„ μƒμ„± μ‹λ„: [IVE-Rei] HEALTH_EAT (μ‹λ„ 1/3)
2025-12-13 19:16:23,587 [INFO]       β… μƒμ„± μ„±κ³µ! (5κ°)
2025-12-13 19:16:24,588 [INFO]    π”„ μƒμ„± μ‹λ„: [IVE-Wonyoung] HEALTH_EAT (μ‹λ„ 1/3)
2025-12-13 19:16:28,163 [INFO]       β… μƒμ„± μ„±κ³µ! (5κ°)
2025-12-13 19:16:29,168 [INFO]    π”„ μƒμ„± μ‹λ„: [IVE-Liz] HEALTH_EAT (μ‹λ„ 1/3)
2025-12-13 19:16:32,582 [INFO]       β… μƒμ„± μ„±κ³µ! (5κ°)
2025-12-13 19:16:33,587 [INFO]    π”„ μƒμ„± μ‹λ„: [IVE-Leeseo] HEALTH_EAT (μ‹λ„ 1/3)
2025-12-13 19:16:36,250 [INFO]       β… μƒμ„± μ„±κ³µ! (5κ°)
2025-12-13 19:16:37,252 [INFO]    π”„ μƒμ„± μ‹λ„: [IVE-All] HEALTH_CARE (μ‹λ„ 1/3)
2025-12-13 19:16:40,006 [INFO]       β… μƒμ„± μ„±κ³µ! (5κ°)
2025-12-13 19:16:41,511 [INFO]    π”„ μƒμ„± μ‹λ„: [IVE-Yujin] HEALTH_CARE (μ‹λ„ 1/3)
2025-12-13 19:16:45,052 [INFO]       β… μƒμ„± μ„±κ³µ! (5κ°)
2025-12-13 19:16:46,055 [INFO]    π”„ μƒμ„± μ‹λ„: [IVE-Gaeul] HEALTH_CARE (μ‹λ„ 1/3)
2025-12-13 19:16:49,432 [INFO]       β… μƒμ„± μ„±κ³µ! (5κ°)
2025-12-13 19:16:50,434 [INFO]    π”„ μƒμ„± μ‹λ„: [IVE-Rei] HEALTH_CARE (μ‹λ„ 1/3)
2025-12-13 19:16:53,413 [INFO]       β… μƒμ„± μ„±κ³µ! (5κ°)
2025-12-13 19:16:54,417 [INFO]    π”„ μƒμ„± μ‹λ„: [IVE-Wonyoung] HEALTH_CARE (μ‹λ„ 1/3)
2025-12-13 19:16:58,041 [INFO]       β… μƒμ„± μ„±κ³µ! (5κ°)
2025-12-13 19:16:59,045 [INFO]    π”„ μƒμ„± μ‹λ„: [IVE-Liz] HEALTH_CARE (μ‹λ„ 1/3)
2025-12-13 19:17:01,756 [INFO]       β… μƒμ„± μ„±κ³µ! (5κ°)
2025-12-13 19:17:02,763 [INFO]    π”„ μƒμ„± μ‹λ„: [IVE-Leeseo] HEALTH_CARE (μ‹λ„ 1/3)
2025-12-13 19:17:05,338 [INFO]       β… μƒμ„± μ„±κ³µ! (5κ°)
2025-12-13 19:17:06,343 [INFO]    π”„ μƒμ„± μ‹λ„: [IVE-All] GREET_JOB (μ‹λ„ 1/3)
2025-12-13 19:17:08,253 [INFO]       β… μƒμ„± μ„±κ³µ! (5κ°)
2025-12-13 19:17:09,756 [INFO]    π”„ μƒμ„± μ‹λ„: [IVE-Yujin] GREET_JOB (μ‹λ„ 1/3)
2025-12-13 19:17:12,116 [INFO]       β… μƒμ„± μ„±κ³µ! (5κ°)
2025-12-13 19:17:13,118 [INFO]    π”„ μƒμ„± μ‹λ„: [IVE-Gaeul] GREET_JOB (μ‹λ„ 1/3)
2025-12-13 19:17:15,915 [INFO]       β… μƒμ„± μ„±κ³µ! (5κ°)
2025-12-13 19:17:16,917 [INFO]    π”„ μƒμ„± μ‹λ„: [IVE-Rei] GREET_JOB (μ‹λ„ 1/3)
2025-12-13 19:17:19,769 [INFO]       β… μƒμ„± μ„±κ³µ! (5κ°)
2025-12-13 19:17:20,770 [INFO]    π”„ μƒμ„± μ‹λ„: [IVE-Wonyoung] GREET_JOB (μ‹λ„ 1/3)
2025-12-13 19:17:23,003 [INFO]       β… μƒμ„± μ„±κ³µ! (5κ°)
2025-12-13 19:17:24,005 [INFO]    π”„ μƒμ„± μ‹λ„: [IVE-Liz] GREET_JOB (μ‹λ„ 1/3)
2025-12-13 19:17:26,218 [INFO]       β… μƒμ„± μ„±κ³µ! (5κ°)
2025-12-13 19:17:27,223 [INFO]    π”„ μƒμ„± μ‹λ„: [IVE-Leeseo] GREET_JOB (μ‹λ„ 1/3)
2025-12-13 19:17:29,684 [INFO]       β… μƒμ„± μ„±κ³µ! (5κ°)
2025-12-13 19:17:30,694 [INFO] π‰ [IVE] μ²λ¦¬ μ™„λ£. νμΌ μ €μ¥λ¨.
2025-12-13 19:17:30,697 [INFO] π“‚ [NewJeans] λ°μ΄ν„° μ²λ¦¬ μ‹μ‘...
2025-12-13 19:17:30,705 [INFO] π‰ [NewJeans] μ²λ¦¬ μ™„λ£. νμΌ μ €μ¥λ¨.
2025-12-13 19:17:30,707 [INFO] π“‚ [BLACKPINK] λ°μ΄ν„° μ²λ¦¬ μ‹μ‘...
2025-12-13 19:17:30,707 [INFO]    π”„ μƒμ„± μ‹λ„: [BLACKPINK-All] LOVE_GENERAL (μ‹λ„ 1/3)
2025-12-13 19:17:33,026 [INFO]       β… μƒμ„± μ„±κ³µ! (5κ°)
2025-12-13 19:17:34,529 [INFO]    π”„ μƒμ„± μ‹λ„: [BLACKPINK-Jisoo] LOVE_GENERAL (μ‹λ„ 1/3)
2025-12-13 19:17:36,662 [INFO]       β… μƒμ„± μ„±κ³µ! (5κ°)
2025-12-13 19:17:37,662 [INFO]    π”„ μƒμ„± μ‹λ„: [BLACKPINK-Jennie] LOVE_GENERAL (μ‹λ„ 1/3)
2025-12-13 19:17:39,839 [INFO]       β… μƒμ„± μ„±κ³µ! (5κ°)
2025-12-13 19:17:40,844 [INFO]    π”„ μƒμ„± μ‹λ„: [BLACKPINK-RosΓ©] LOVE_GENERAL (μ‹λ„ 1/3)
2025-12-13 19:17:44,463 [INFO]       β… μƒμ„± μ„±κ³µ! (5κ°)
2025-12-13 19:17:45,466 [INFO]    π”„ μƒμ„± μ‹λ„: [BLACKPINK-Lisa] LOVE_GENERAL (μ‹λ„ 1/3)
2025-12-13 19:17:47,926 [INFO]       β… μƒμ„± μ„±κ³µ! (5κ°)
2025-12-13 19:17:48,932 [INFO] π’Ύ μ¤‘κ°„ μ €μ¥ μ™„λ£ (BLACKPINK)
2025-12-13 19:17:48,933 [INFO]    π”„ μƒμ„± μ‹λ„: [BLACKPINK-All] LOVE_DEEP (μ‹λ„ 1/3)
2025-12-13 19:17:51,231 [INFO]       β… μƒμ„± μ„±κ³µ! (5κ°)
2025-12-13 19:17:52,732 [INFO]    π”„ μƒμ„± μ‹λ„: [BLACKPINK-Jisoo] LOVE_DEEP (μ‹λ„ 1/3)
2025-12-13 19:17:54,900 [INFO]       β… μƒμ„± μ„±κ³µ! (5κ°)
2025-12-13 19:17:55,903 [INFO]    π”„ μƒμ„± μ‹λ„: [BLACKPINK-Jennie] LOVE_DEEP (μ‹λ„ 1/3)
2025-12-13 19:17:58,083 [INFO]       β… μƒμ„± μ„±κ³µ! (5κ°)
2025-12-13 19:17:59,085 [INFO]    π”„ μƒμ„± μ‹λ„: [BLACKPINK-RosΓ©] LOVE_DEEP (μ‹λ„ 1/3)
2025-12-13 19:18:01,585 [INFO]       β… μƒμ„± μ„±κ³µ! (5κ°)
2025-12-13 19:18:02,589 [INFO]    π”„ μƒμ„± μ‹λ„: [BLACKPINK-Lisa] LOVE_DEEP (μ‹λ„ 1/3)
2025-12-13 19:18:05,604 [INFO]       β… μƒμ„± μ„±κ³µ! (5κ°)
2025-12-13 19:18:06,610 [INFO] π’Ύ μ¤‘κ°„ μ €μ¥ μ™„λ£ (BLACKPINK)
2025-12-13 19:18:06,613 [INFO]    π”„ μƒμ„± μ‹λ„: [BLACKPINK-All] REQ_MARRY (μ‹λ„ 1/3)
2025-12-13 19:18:09,008 [INFO]       β… μƒμ„± μ„±κ³µ! (5κ°)
2025-12-13 19:18:10,510 [INFO]    π”„ μƒμ„± μ‹λ„: [BLACKPINK-Jisoo] REQ_MARRY (μ‹λ„ 1/3)
2025-12-13 19:18:13,418 [INFO]       β… μƒμ„± μ„±κ³µ! (5κ°)
2025-12-13 19:18:14,418 [INFO]    π”„ μƒμ„± μ‹λ„: [BLACKPINK-Jennie] REQ_MARRY (μ‹λ„ 1/3)
2025-12-13 19:18:17,307 [INFO]       β… μƒμ„± μ„±κ³µ! (5κ°)
2025-12-13 19:18:18,310 [INFO]    π”„ μƒμ„± μ‹λ„: [BLACKPINK-RosΓ©] REQ_MARRY (μ‹λ„ 1/3)
2025-12-13 19:18:20,606 [INFO]       β… μƒμ„± μ„±κ³µ! (5κ°)
2025-12-13 19:18:21,610 [INFO]    π”„ μƒμ„± μ‹λ„: [BLACKPINK-Lisa] REQ_MARRY (μ‹λ„ 1/3)
2025-12-13 19:18:24,891 [INFO]       β… μƒμ„± μ„±κ³µ! (5κ°)
2025-12-13 19:18:25,896 [INFO] π’Ύ μ¤‘κ°„ μ €μ¥ μ™„λ£ (BLACKPINK)
2025-12-13 19:18:25,897 [INFO]    π”„ μƒμ„± μ‹λ„: [BLACKPINK-All] MISS_YOU (μ‹λ„ 1/3)
2025-12-13 19:18:28,404 [INFO]       β… μƒμ„± μ„±κ³µ! (5κ°)
2025-12-13 19:18:29,906 [INFO]    π”„ μƒμ„± μ‹λ„: [BLACKPINK-Jisoo] MISS_YOU (μ‹λ„ 1/3)
2025-12-13 19:18:33,596 [INFO]       β… μƒμ„± μ„±κ³µ! (5κ°)
2025-12-13 19:18:34,598 [INFO]    π”„ μƒμ„± μ‹λ„: [BLACKPINK-Jennie] MISS_YOU (μ‹λ„ 1/3)
2025-12-13 19:18:36,932 [INFO]       β… μƒμ„± μ„±κ³µ! (5κ°)
2025-12-13 19:18:37,936 [INFO]    π”„ μƒμ„± μ‹λ„: [BLACKPINK-RosΓ©] MISS_YOU (μ‹λ„ 1/3)
2025-12-13 19:18:40,458 [INFO]       β… μƒμ„± μ„±κ³µ! (5κ°)
2025-12-13 19:18:41,460 [INFO]    π”„ μƒμ„± μ‹λ„: [BLACKPINK-Lisa] MISS_YOU (μ‹λ„ 1/3)
2025-12-13 19:18:44,618 [INFO]       β… μƒμ„± μ„±κ³µ! (5κ°)
2025-12-13 19:18:45,621 [INFO] π’Ύ μ¤‘κ°„ μ €μ¥ μ™„λ£ (BLACKPINK)
2025-12-13 19:18:45,621 [INFO]    π”„ μƒμ„± μ‹λ„: [BLACKPINK-All] PROMISE_FOREVER (μ‹λ„ 1/3)
2025-12-13 19:18:48,233 [INFO]       β… μƒμ„± μ„±κ³µ! (5κ°)
2025-12-13 19:18:49,738 [INFO]    π”„ μƒμ„± μ‹λ„: [BLACKPINK-Jisoo] PROMISE_FOREVER (μ‹λ„ 1/3)
2025-12-13 19:18:51,925 [INFO]       β… μƒμ„± μ„±κ³µ! (5κ°)
2025-12-13 19:18:52,928 [INFO]    π”„ μƒμ„± μ‹λ„: [BLACKPINK-Jennie] PROMISE_FOREVER (μ‹λ„ 1/3)
2025-12-13 19:18:55,513 [INFO]       β… μƒμ„± μ„±κ³µ! (5κ°)
2025-12-13 19:18:56,513 [INFO]    π”„ μƒμ„± μ‹λ„: [BLACKPINK-RosΓ©] PROMISE_FOREVER (μ‹λ„ 1/3)
2025-12-13 19:18:58,684 [INFO]       β… μƒμ„± μ„±κ³µ! (5κ°)
2025-12-13 19:18:59,689 [INFO]    π”„ μƒμ„± μ‹λ„: [BLACKPINK-Lisa] PROMISE_FOREVER (μ‹λ„ 1/3)
2025-12-13 19:19:02,269 [INFO]       β… μƒμ„± μ„±κ³µ! (5κ°)
2025-12-13 19:19:03,276 [INFO] π’Ύ μ¤‘κ°„ μ €μ¥ μ™„λ£ (BLACKPINK)
2025-12-13 19:19:03,277 [INFO]    π”„ μƒμ„± μ‹λ„: [BLACKPINK-All] CONGRAT_BDAY (μ‹λ„ 1/3)
2025-12-13 19:19:05,239 [INFO]       β… μƒμ„± μ„±κ³µ! (5κ°)
2025-12-13 19:19:06,745 [INFO]    π”„ μƒμ„± μ‹λ„: [BLACKPINK-Jisoo] CONGRAT_BDAY (μ‹λ„ 1/3)
2025-12-13 19:19:09,232 [INFO]       β… μƒμ„± μ„±κ³µ! (5κ°)
2025-12-13 19:19:10,237 [INFO]    π”„ μƒμ„± μ‹λ„: [BLACKPINK-Jennie] CONGRAT_BDAY (μ‹λ„ 1/3)
2025-12-13 19:19:13,123 [INFO]       β… μƒμ„± μ„±κ³µ! (5κ°)
2025-12-13 19:19:14,127 [INFO]    π”„ μƒμ„± μ‹λ„: [BLACKPINK-RosΓ©] CONGRAT_BDAY (μ‹λ„ 1/3)
2025-12-13 19:19:16,606 [INFO]       β… μƒμ„± μ„±κ³µ! (5κ°)
2025-12-13 19:19:17,611 [INFO]    π”„ μƒμ„± μ‹λ„: [BLACKPINK-Lisa] CONGRAT_BDAY (μ‹λ„ 1/3)
2025-12-13 19:19:21,110 [INFO]       β… μƒμ„± μ„±κ³µ! (5κ°)
2025-12-13 19:19:22,116 [INFO] π’Ύ μ¤‘κ°„ μ €μ¥ μ™„λ£ (BLACKPINK)
2025-12-13 19:19:22,116 [INFO]    π”„ μƒμ„± μ‹λ„: [BLACKPINK-All] CHEER_UP (μ‹λ„ 1/3)
2025-12-13 19:19:24,490 [INFO]       β… μƒμ„± μ„±κ³µ! (5κ°)
2025-12-13 19:19:25,992 [INFO]    π”„ μƒμ„± μ‹λ„: [BLACKPINK-Jisoo] CHEER_UP (μ‹λ„ 1/3)
2025-12-13 19:19:28,175 [INFO]       β… μƒμ„± μ„±κ³µ! (5κ°)
2025-12-13 19:19:29,179 [INFO]    π”„ μƒμ„± μ‹λ„: [BLACKPINK-Jennie] CHEER_UP (μ‹λ„ 1/3)
2025-12-13 19:19:32,386 [INFO]       β… μƒμ„± μ„±κ³µ! (5κ°)
2025-12-13 19:19:33,387 [INFO]    π”„ μƒμ„± μ‹λ„: [BLACKPINK-RosΓ©] CHEER_UP (μ‹λ„ 1/3)
2025-12-13 19:19:35,344 [INFO]       β… μƒμ„± μ„±κ³µ! (5κ°)
2025-12-13 19:19:36,350 [INFO]    π”„ μƒμ„± μ‹λ„: [BLACKPINK-Lisa] CHEER_UP (μ‹λ„ 1/3)
2025-12-13 19:19:38,621 [INFO]       β… μƒμ„± μ„±κ³µ! (5κ°)
2025-12-13 19:19:39,627 [INFO] π’Ύ μ¤‘κ°„ μ €μ¥ μ™„λ£ (BLACKPINK)
2025-12-13 19:19:39,627 [INFO]    π”„ μƒμ„± μ‹λ„: [BLACKPINK-All] PRAISE_GOD (μ‹λ„ 1/3)
2025-12-13 19:19:41,896 [INFO]       β… μƒμ„± μ„±κ³µ! (5κ°)
2025-12-13 19:19:43,396 [INFO]    π”„ μƒμ„± μ‹λ„: [BLACKPINK-Jisoo] PRAISE_GOD (μ‹λ„ 1/3)
2025-12-13 19:19:45,788 [INFO]       β… μƒμ„± μ„±κ³µ! (5κ°)
2025-12-13 19:19:46,793 [INFO]    π”„ μƒμ„± μ‹λ„: [BLACKPINK-Jennie] PRAISE_GOD (μ‹λ„ 1/3)
2025-12-13 19:19:49,373 [INFO]       β… μƒμ„± μ„±κ³µ! (5κ°)
2025-12-13 19:19:50,376 [INFO]    π”„ μƒμ„± μ‹λ„: [BLACKPINK-RosΓ©] PRAISE_GOD (μ‹λ„ 1/3)
2025-12-13 19:19:53,265 [INFO]       β… μƒμ„± μ„±κ³µ! (5κ°)
2025-12-13 19:19:54,269 [INFO]    π”„ μƒμ„± μ‹λ„: [BLACKPINK-Lisa] PRAISE_GOD (μ‹λ„ 1/3)
2025-12-13 19:19:58,075 [INFO]       β… μƒμ„± μ„±κ³µ! (5κ°)
2025-12-13 19:19:59,084 [INFO] π’Ύ μ¤‘κ°„ μ €μ¥ μ™„λ£ (BLACKPINK)
2025-12-13 19:19:59,084 [INFO]    π”„ μƒμ„± μ‹λ„: [BLACKPINK-All] PRAISE_VISUAL (μ‹λ„ 1/3)
2025-12-13 19:20:01,567 [INFO]       β… μƒμ„± μ„±κ³µ! (5κ°)
2025-12-13 19:20:03,067 [INFO]    π”„ μƒμ„± μ‹λ„: [BLACKPINK-Jisoo] PRAISE_VISUAL (μ‹λ„ 1/3)
2025-12-13 19:20:04,972 [INFO]       β… μƒμ„± μ„±κ³µ! (5κ°)
2025-12-13 19:20:05,976 [INFO]    π”„ μƒμ„± μ‹λ„: [BLACKPINK-Jennie] PRAISE_VISUAL (μ‹λ„ 1/3)
2025-12-13 19:20:09,032 [INFO]       β… μƒμ„± μ„±κ³µ! (5κ°)
2025-12-13 19:20:10,035 [INFO]    π”„ μƒμ„± μ‹λ„: [BLACKPINK-RosΓ©] PRAISE_VISUAL (μ‹λ„ 1/3)
2025-12-13 19:20:12,313 [INFO]       β… μƒμ„± μ„±κ³µ! (5κ°)
2025-12-13 19:20:13,316 [INFO]    π”„ μƒμ„± μ‹λ„: [BLACKPINK-Lisa] PRAISE_VISUAL (μ‹λ„ 1/3)
2025-12-13 19:20:15,262 [INFO]       β… μƒμ„± μ„±κ³µ! (5κ°)
2025-12-13 19:20:16,269 [INFO] π’Ύ μ¤‘κ°„ μ €μ¥ μ™„λ£ (BLACKPINK)
2025-12-13 19:20:16,269 [INFO]    π”„ μƒμ„± μ‹λ„: [BLACKPINK-All] PRAISE_FACE (μ‹λ„ 1/3)
2025-12-13 19:20:18,250 [INFO]       β… μƒμ„± μ„±κ³µ! (5κ°)
2025-12-13 19:20:19,750 [INFO]    π”„ μƒμ„± μ‹λ„: [BLACKPINK-Jisoo] PRAISE_FACE (μ‹λ„ 1/3)
2025-12-13 19:20:21,663 [INFO]       β… μƒμ„± μ„±κ³µ! (5κ°)
2025-12-13 19:20:22,671 [INFO]    π”„ μƒμ„± μ‹λ„: [BLACKPINK-Jennie] PRAISE_FACE (μ‹λ„ 1/3)
2025-12-13 19:20:24,905 [INFO]       β… μƒμ„± μ„±κ³µ! (5κ°)
2025-12-13 19:20:25,909 [INFO]    π”„ μƒμ„± μ‹λ„: [BLACKPINK-RosΓ©] PRAISE_FACE (μ‹λ„ 1/3)
2025-12-13 19:20:28,287 [INFO]       β… μƒμ„± μ„±κ³µ! (5κ°)
2025-12-13 19:20:29,291 [INFO]    π”„ μƒμ„± μ‹λ„: [BLACKPINK-Lisa] PRAISE_FACE (μ‹λ„ 1/3)
2025-12-13 19:20:31,765 [INFO]       β… μƒμ„± μ„±κ³µ! (5κ°)
2025-12-13 19:20:32,769 [INFO] π’Ύ μ¤‘κ°„ μ €μ¥ μ™„λ£ (BLACKPINK)
2025-12-13 19:20:32,769 [INFO]    π”„ μƒμ„± μ‹λ„: [BLACKPINK-All] REQ_HEART (μ‹λ„ 1/3)
2025-12-13 19:20:34,742 [INFO]       β… μƒμ„± μ„±κ³µ! (5κ°)
2025-12-13 19:20:36,245 [INFO]    π”„ μƒμ„± μ‹λ„: [BLACKPINK-Jisoo] REQ_HEART (μ‹λ„ 1/3)
2025-12-13 19:20:38,218 [INFO]       β… μƒμ„± μ„±κ³µ! (5κ°)
2025-12-13 19:20:39,223 [INFO]    π”„ μƒμ„± μ‹λ„: [BLACKPINK-Jennie] REQ_HEART (μ‹λ„ 1/3)
2025-12-13 19:20:41,300 [INFO]       β… μƒμ„± μ„±κ³µ! (5κ°)
2025-12-13 19:20:42,304 [INFO]    π”„ μƒμ„± μ‹λ„: [BLACKPINK-RosΓ©] REQ_HEART (μ‹λ„ 1/3)
2025-12-13 19:20:45,322 [INFO]       β… μƒμ„± μ„±κ³µ! (5κ°)
2025-12-13 19:20:46,326 [INFO]    π”„ μƒμ„± μ‹λ„: [BLACKPINK-Lisa] REQ_HEART (μ‹λ„ 1/3)
2025-12-13 19:20:48,968 [INFO]       β… μƒμ„± μ„±κ³µ! (5κ°)
2025-12-13 19:20:49,976 [INFO] π’Ύ μ¤‘κ°„ μ €μ¥ μ™„λ£ (BLACKPINK)
2025-12-13 19:20:49,976 [INFO]    π”„ μƒμ„± μ‹λ„: [BLACKPINK-All] HEALTH_EAT (μ‹λ„ 1/3)
2025-12-13 19:20:52,881 [INFO]       β… μƒμ„± μ„±κ³µ! (5κ°)
2025-12-13 19:20:54,385 [INFO]    π”„ μƒμ„± μ‹λ„: [BLACKPINK-Jisoo] HEALTH_EAT (μ‹λ„ 1/3)
2025-12-13 19:20:57,319 [INFO]       β… μƒμ„± μ„±κ³µ! (5κ°)
2025-12-13 19:20:58,324 [INFO]    π”„ μƒμ„± μ‹λ„: [BLACKPINK-Jennie] HEALTH_EAT (μ‹λ„ 1/3)
2025-12-13 19:21:00,957 [INFO]       β… μƒμ„± μ„±κ³µ! (5κ°)
2025-12-13 19:21:01,960 [INFO]    π”„ μƒμ„± μ‹λ„: [BLACKPINK-RosΓ©] HEALTH_EAT (μ‹λ„ 1/3)
2025-12-13 19:21:04,637 [INFO]       β… μƒμ„± μ„±κ³µ! (5κ°)
2025-12-13 19:21:05,639 [INFO]    π”„ μƒμ„± μ‹λ„: [BLACKPINK-Lisa] HEALTH_EAT (μ‹λ„ 1/3)
2025-12-13 19:21:08,634 [INFO]       β… μƒμ„± μ„±κ³µ! (5κ°)
2025-12-13 19:21:09,638 [INFO] π’Ύ μ¤‘κ°„ μ €μ¥ μ™„λ£ (BLACKPINK)
2025-12-13 19:21:09,638 [INFO]    π”„ μƒμ„± μ‹λ„: [BLACKPINK-All] HEALTH_CARE (μ‹λ„ 1/3)
2025-12-13 19:21:12,265 [INFO]       β… μƒμ„± μ„±κ³µ! (5κ°)
2025-12-13 19:21:13,768 [INFO]    π”„ μƒμ„± μ‹λ„: [BLACKPINK-Jisoo] HEALTH_CARE (μ‹λ„ 1/3)
2025-12-13 19:21:17,129 [INFO]       β… μƒμ„± μ„±κ³µ! (5κ°)
2025-12-13 19:21:18,131 [INFO]    π”„ μƒμ„± μ‹λ„: [BLACKPINK-Jennie] HEALTH_CARE (μ‹λ„ 1/3)
2025-12-13 19:21:21,430 [INFO]       β… μƒμ„± μ„±κ³µ! (5κ°)
2025-12-13 19:21:22,430 [INFO]    π”„ μƒμ„± μ‹λ„: [BLACKPINK-RosΓ©] HEALTH_CARE (μ‹λ„ 1/3)
2025-12-13 19:21:25,934 [INFO]       β… μƒμ„± μ„±κ³µ! (5κ°)
2025-12-13 19:21:26,936 [INFO]    π”„ μƒμ„± μ‹λ„: [BLACKPINK-Lisa] HEALTH_CARE (μ‹λ„ 1/3)
2025-12-13 19:21:29,723 [INFO]       β… μƒμ„± μ„±κ³µ! (5κ°)
2025-12-13 19:21:30,730 [INFO] π’Ύ μ¤‘κ°„ μ €μ¥ μ™„λ£ (BLACKPINK)
2025-12-13 19:21:30,730 [INFO]    π”„ μƒμ„± μ‹λ„: [BLACKPINK-All] GREET_JOB (μ‹λ„ 1/3)
2025-12-13 19:21:32,797 [INFO]       β… μƒμ„± μ„±κ³µ! (5κ°)
2025-12-13 19:21:34,298 [INFO]    π”„ μƒμ„± μ‹λ„: [BLACKPINK-Jisoo] GREET_JOB (μ‹λ„ 1/3)
2025-12-13 19:21:36,586 [INFO]       β… μƒμ„± μ„±κ³µ! (5κ°)
2025-12-13 19:21:37,591 [INFO]    π”„ μƒμ„± μ‹λ„: [BLACKPINK-Jennie] GREET_JOB (μ‹λ„ 1/3)
2025-12-13 19:21:40,065 [INFO]       β… μƒμ„± μ„±κ³µ! (5κ°)
2025-12-13 19:21:41,066 [INFO]    π”„ μƒμ„± μ‹λ„: [BLACKPINK-RosΓ©] GREET_JOB (μ‹λ„ 1/3)
2025-12-13 19:21:43,752 [INFO]       β… μƒμ„± μ„±κ³µ! (5κ°)
2025-12-13 19:21:44,755 [INFO]    π”„ μƒμ„± μ‹λ„: [BLACKPINK-Lisa] GREET_JOB (μ‹λ„ 1/3)
2025-12-13 19:21:47,952 [INFO]       β… μƒμ„± μ„±κ³µ! (5κ°)
2025-12-13 19:21:48,962 [INFO] π’Ύ μ¤‘κ°„ μ €μ¥ μ™„λ£ (BLACKPINK)
2025-12-13 19:21:48,968 [INFO] π’Ύ μ¤‘κ°„ μ €μ¥ μ™„λ£ (BLACKPINK)
2025-12-13 19:21:48,972 [INFO] π’Ύ μ¤‘κ°„ μ €μ¥ μ™„λ£ (BLACKPINK)
2025-12-13 19:21:48,975 [INFO] π’Ύ μ¤‘κ°„ μ €μ¥ μ™„λ£ (BLACKPINK)
2025-12-13 19:21:48,978 [INFO] π’Ύ μ¤‘κ°„ μ €μ¥ μ™„λ£ (BLACKPINK)
2025-12-13 19:21:48,980 [INFO] π’Ύ μ¤‘κ°„ μ €μ¥ μ™„λ£ (BLACKPINK)
2025-12-13 19:21:48,983 [INFO] π’Ύ μ¤‘κ°„ μ €μ¥ μ™„λ£ (BLACKPINK)
2025-12-13 19:21:48,986 [INFO] π’Ύ μ¤‘κ°„ μ €μ¥ μ™„λ£ (BLACKPINK)
2025-12-13 19:21:48,988 [INFO] π’Ύ μ¤‘κ°„ μ €μ¥ μ™„λ£ (BLACKPINK)
2025-12-13 19:21:48,991 [INFO] π’Ύ μ¤‘κ°„ μ €μ¥ μ™„λ£ (BLACKPINK)
2025-12-13 19:21:48,994 [INFO] π’Ύ μ¤‘κ°„ μ €μ¥ μ™„λ£ (BLACKPINK)
2025-12-13 19:21:48,996 [INFO] π’Ύ μ¤‘κ°„ μ €μ¥ μ™„λ£ (BLACKPINK)
2025-12-13 19:21:48,999 [INFO] π’Ύ μ¤‘κ°„ μ €μ¥ μ™„λ£ (BLACKPINK)
2025-12-13 19:21:49,003 [INFO] π’Ύ μ¤‘κ°„ μ €μ¥ μ™„λ£ (BLACKPINK)
2025-12-13 19:21:49,006 [INFO] π’Ύ μ¤‘κ°„ μ €μ¥ μ™„λ£ (BLACKPINK)
2025-12-13 19:21:49,009 [INFO] π‰ [BLACKPINK] μ²λ¦¬ μ™„λ£. νμΌ μ €μ¥λ¨.
2025-12-13 19:21:49,010 [INFO] π“‚ [aespa] λ°μ΄ν„° μ²λ¦¬ μ‹μ‘...
2025-12-13 19:21:49,010 [INFO]    π”„ μƒμ„± μ‹λ„: [aespa-All] LOVE_GENERAL (μ‹λ„ 1/3)
2025-12-13 19:21:51,948 [INFO]       β… μƒμ„± μ„±κ³µ! (5κ°)
2025-12-13 19:21:53,451 [INFO]    π”„ μƒμ„± μ‹λ„: [aespa-Karina] LOVE_GENERAL (μ‹λ„ 1/3)
2025-12-13 19:21:55,531 [INFO]       β… μƒμ„± μ„±κ³µ! (5κ°)
2025-12-13 19:21:56,534 [INFO]    π”„ μƒμ„± μ‹λ„: [aespa-Giselle] LOVE_GENERAL (μ‹λ„ 1/3)
2025-12-13 19:21:58,702 [INFO]       β… μƒμ„± μ„±κ³µ! (5κ°)
2025-12-13 19:21:59,704 [INFO]    π”„ μƒμ„± μ‹λ„: [aespa-Winter] LOVE_GENERAL (μ‹λ„ 1/3)
2025-12-13 19:22:01,878 [INFO]       β… μƒμ„± μ„±κ³µ! (5κ°)
2025-12-13 19:22:02,883 [INFO]    π”„ μƒμ„± μ‹λ„: [aespa-Ningning] LOVE_GENERAL (μ‹λ„ 1/3)
2025-12-13 19:22:06,280 [INFO]       β… μƒμ„± μ„±κ³µ! (5κ°)
2025-12-13 19:22:07,284 [INFO] π’Ύ μ¤‘κ°„ μ €μ¥ μ™„λ£ (aespa)
2025-12-13 19:22:07,284 [INFO]    π”„ μƒμ„± μ‹λ„: [aespa-All] LOVE_DEEP (μ‹λ„ 1/3)
2025-12-13 19:22:10,047 [INFO]       β… μƒμ„± μ„±κ³µ! (5κ°)
2025-12-13 19:22:11,550 [INFO]    π”„ μƒμ„± μ‹λ„: [aespa-Karina] LOVE_DEEP (μ‹λ„ 1/3)
2025-12-13 19:22:13,757 [INFO]       β… μƒμ„± μ„±κ³µ! (5κ°)
2025-12-13 19:22:14,758 [INFO]    π”„ μƒμ„± μ‹λ„: [aespa-Giselle] LOVE_DEEP (μ‹λ„ 1/3)
2025-12-13 19:22:17,237 [INFO]       β… μƒμ„± μ„±κ³µ! (5κ°)
2025-12-13 19:22:18,242 [INFO]    π”„ μƒμ„± μ‹λ„: [aespa-Winter] LOVE_DEEP (μ‹λ„ 1/3)
2025-12-13 19:22:20,412 [INFO]       β… μƒμ„± μ„±κ³µ! (5κ°)
2025-12-13 19:22:21,418 [INFO]    π”„ μƒμ„± μ‹λ„: [aespa-Ningning] LOVE_DEEP (μ‹λ„ 1/3)
2025-12-13 19:22:23,690 [INFO]       β… μƒμ„± μ„±κ³µ! (5κ°)
2025-12-13 19:22:24,694 [INFO] π’Ύ μ¤‘κ°„ μ €μ¥ μ™„λ£ (aespa)
2025-12-13 19:22:24,694 [INFO]    π”„ μƒμ„± μ‹λ„: [aespa-All] REQ_MARRY (μ‹λ„ 1/3)
2025-12-13 19:22:27,272 [INFO]       β… μƒμ„± μ„±κ³µ! (5κ°)
2025-12-13 19:22:28,776 [INFO]    π”„ μƒμ„± μ‹λ„: [aespa-Karina] REQ_MARRY (μ‹λ„ 1/3)
2025-12-13 19:22:31,576 [INFO]       β… μƒμ„± μ„±κ³µ! (5κ°)
2025-12-13 19:22:32,580 [INFO]    π”„ μƒμ„± μ‹λ„: [aespa-Giselle] REQ_MARRY (μ‹λ„ 1/3)
2025-12-13 19:22:34,852 [INFO]       β… μƒμ„± μ„±κ³µ! (5κ°)
2025-12-13 19:22:35,857 [INFO]    π”„ μƒμ„± μ‹λ„: [aespa-Winter] REQ_MARRY (μ‹λ„ 1/3)
2025-12-13 19:22:38,741 [INFO]       β… μƒμ„± μ„±κ³µ! (5κ°)
2025-12-13 19:22:39,742 [INFO]    π”„ μƒμ„± μ‹λ„: [aespa-Ningning] REQ_MARRY (μ‹λ„ 1/3)
2025-12-13 19:22:42,019 [INFO]       β… μƒμ„± μ„±κ³µ! (5κ°)
2025-12-13 19:22:43,021 [INFO] π’Ύ μ¤‘κ°„ μ €μ¥ μ™„λ£ (aespa)
2025-12-13 19:22:43,021 [INFO]    π”„ μƒμ„± μ‹λ„: [aespa-All] MISS_YOU (μ‹λ„ 1/3)
2025-12-13 19:22:46,628 [INFO]       β… μƒμ„± μ„±κ³µ! (5κ°)
2025-12-13 19:22:48,130 [INFO]    π”„ μƒμ„± μ‹λ„: [aespa-Karina] MISS_YOU (μ‹λ„ 1/3)
2025-12-13 19:22:50,825 [INFO]       β… μƒμ„± μ„±κ³µ! (5κ°)
2025-12-13 19:22:51,830 [INFO]    π”„ μƒμ„± μ‹λ„: [aespa-Giselle] MISS_YOU (μ‹λ„ 1/3)
2025-12-13 19:22:55,024 [INFO]       β… μƒμ„± μ„±κ³µ! (5κ°)
2025-12-13 19:22:56,027 [INFO]    π”„ μƒμ„± μ‹λ„: [aespa-Winter] MISS_YOU (μ‹λ„ 1/3)
2025-12-13 19:22:58,199 [INFO]       β… μƒμ„± μ„±κ³µ! (5κ°)
2025-12-13 19:22:59,199 [INFO]    π”„ μƒμ„± μ‹λ„: [aespa-Ningning] MISS_YOU (μ‹λ„ 1/3)
2025-12-13 19:23:01,564 [INFO]       β… μƒμ„± μ„±κ³µ! (5κ°)
2025-12-13 19:23:02,566 [INFO] π’Ύ μ¤‘κ°„ μ €μ¥ μ™„λ£ (aespa)
2025-12-13 19:23:02,566 [INFO]    π”„ μƒμ„± μ‹λ„: [aespa-All] PROMISE_FOREVER (μ‹λ„ 1/3)
2025-12-13 19:23:05,264 [INFO]       β… μƒμ„± μ„±κ³µ! (5κ°)
2025-12-13 19:23:06,770 [INFO]    π”„ μƒμ„± μ‹λ„: [aespa-Karina] PROMISE_FOREVER (μ‹λ„ 1/3)
2025-12-13 19:23:09,312 [INFO]       β… μƒμ„± μ„±κ³µ! (5κ°)
2025-12-13 19:23:10,312 [INFO]    π”„ μƒμ„± μ‹λ„: [aespa-Giselle] PROMISE_FOREVER (μ‹λ„ 1/3)
2025-12-13 19:23:13,230 [INFO]       β… μƒμ„± μ„±κ³µ! (5κ°)
2025-12-13 19:23:14,230 [INFO]    π”„ μƒμ„± μ‹λ„: [aespa-Winter] PROMISE_FOREVER (μ‹λ„ 1/3)
2025-12-13 19:23:16,938 [INFO]       β… μƒμ„± μ„±κ³µ! (5κ°)
2025-12-13 19:23:17,941 [INFO]    π”„ μƒμ„± μ‹λ„: [aespa-Ningning] PROMISE_FOREVER (μ‹λ„ 1/3)
2025-12-13 19:23:20,317 [INFO]       β… μƒμ„± μ„±κ³µ! (5κ°)
2025-12-13 19:23:21,323 [INFO] π’Ύ μ¤‘κ°„ μ €μ¥ μ™„λ£ (aespa)
2025-12-13 19:23:21,324 [INFO]    π”„ μƒμ„± μ‹λ„: [aespa-All] CONGRAT_BDAY (μ‹λ„ 1/3)
2025-12-13 19:23:23,592 [INFO]       β… μƒμ„± μ„±κ³µ! (5κ°)
2025-12-13 19:23:25,095 [INFO]    π”„ μƒμ„± μ‹λ„: [aespa-Karina] CONGRAT_BDAY (μ‹λ„ 1/3)
2025-12-13 19:23:27,076 [INFO]       β… μƒμ„± μ„±κ³µ! (5κ°)
2025-12-13 19:23:28,080 [INFO]    π”„ μƒμ„± μ‹λ„: [aespa-Giselle] CONGRAT_BDAY (μ‹λ„ 1/3)
2025-12-13 19:23:30,849 [INFO]       β… μƒμ„± μ„±κ³µ! (5κ°)
2025-12-13 19:23:31,849 [INFO]    π”„ μƒμ„± μ‹λ„: [aespa-Winter] CONGRAT_BDAY (μ‹λ„ 1/3)
2025-12-13 19:23:33,964 [INFO]       β… μƒμ„± μ„±κ³µ! (5κ°)
2025-12-13 19:23:34,969 [INFO]    π”„ μƒμ„± μ‹λ„: [aespa-Ningning] CONGRAT_BDAY (μ‹λ„ 1/3)
2025-12-13 19:23:37,632 [INFO]       β… μƒμ„± μ„±κ³µ! (5κ°)
2025-12-13 19:23:38,635 [INFO] π’Ύ μ¤‘κ°„ μ €μ¥ μ™„λ£ (aespa)
2025-12-13 19:23:38,635 [INFO]    π”„ μƒμ„± μ‹λ„: [aespa-All] CHEER_UP (μ‹λ„ 1/3)
2025-12-13 19:23:40,899 [INFO]       β… μƒμ„± μ„±κ³µ! (5κ°)
2025-12-13 19:23:42,405 [INFO]    π”„ μƒμ„± μ‹λ„: [aespa-Karina] CHEER_UP (μ‹λ„ 1/3)
2025-12-13 19:23:44,922 [INFO]       β… μƒμ„± μ„±κ³µ! (5κ°)
2025-12-13 19:23:45,927 [INFO]    π”„ μƒμ„± μ‹λ„: [aespa-Giselle] CHEER_UP (μ‹λ„ 1/3)
2025-12-13 19:23:47,965 [INFO]       β… μƒμ„± μ„±κ³µ! (5κ°)
2025-12-13 19:23:48,971 [INFO]    π”„ μƒμ„± μ‹λ„: [aespa-Winter] CHEER_UP (μ‹λ„ 1/3)
2025-12-13 19:23:52,376 [INFO]       β… μƒμ„± μ„±κ³µ! (5κ°)
2025-12-13 19:23:53,380 [INFO]    π”„ μƒμ„± μ‹λ„: [aespa-Ningning] CHEER_UP (μ‹λ„ 1/3)
2025-12-13 19:23:55,746 [INFO]       β… μƒμ„± μ„±κ³µ! (5κ°)
2025-12-13 19:23:56,750 [INFO] π’Ύ μ¤‘κ°„ μ €μ¥ μ™„λ£ (aespa)
2025-12-13 19:23:56,750 [INFO]    π”„ μƒμ„± μ‹λ„: [aespa-All] PRAISE_GOD (μ‹λ„ 1/3)
2025-12-13 19:23:59,330 [INFO]       β… μƒμ„± μ„±κ³µ! (5κ°)
2025-12-13 19:24:00,830 [INFO]    π”„ μƒμ„± μ‹λ„: [aespa-Karina] PRAISE_GOD (μ‹λ„ 1/3)
2025-12-13 19:24:03,222 [INFO]       β… μƒμ„± μ„±κ³µ! (5κ°)
2025-12-13 19:24:04,225 [INFO]    π”„ μƒμ„± μ‹λ„: [aespa-Giselle] PRAISE_GOD (μ‹λ„ 1/3)
2025-12-13 19:24:06,500 [INFO]       β… μƒμ„± μ„±κ³µ! (5κ°)
2025-12-13 19:24:07,505 [INFO]    π”„ μƒμ„± μ‹λ„: [aespa-Winter] PRAISE_GOD (μ‹λ„ 1/3)
2025-12-13 19:24:09,967 [INFO]       β… μƒμ„± μ„±κ³µ! (5κ°)
2025-12-13 19:24:10,969 [INFO]    π”„ μƒμ„± μ‹λ„: [aespa-Ningning] PRAISE_GOD (μ‹λ„ 1/3)
2025-12-13 19:24:13,600 [INFO]       β… μƒμ„± μ„±κ³µ! (5κ°)
2025-12-13 19:24:14,609 [INFO] π’Ύ μ¤‘κ°„ μ €μ¥ μ™„λ£ (aespa)
2025-12-13 19:24:14,609 [INFO]    π”„ μƒμ„± μ‹λ„: [aespa-All] PRAISE_VISUAL (μ‹λ„ 1/3)
2025-12-13 19:24:16,898 [INFO]       β… μƒμ„± μ„±κ³µ! (5κ°)
2025-12-13 19:24:18,399 [INFO]    π”„ μƒμ„± μ‹λ„: [aespa-Karina] PRAISE_VISUAL (μ‹λ„ 1/3)
2025-12-13 19:24:20,222 [INFO]       β… μƒμ„± μ„±κ³µ! (5κ°)
2025-12-13 19:24:21,224 [INFO]    π”„ μƒμ„± μ‹λ„: [aespa-Giselle] PRAISE_VISUAL (μ‹λ„ 1/3)
2025-12-13 19:24:23,498 [INFO]       β… μƒμ„± μ„±κ³µ! (5κ°)
2025-12-13 19:24:24,502 [INFO]    π”„ μƒμ„± μ‹λ„: [aespa-Winter] PRAISE_VISUAL (μ‹λ„ 1/3)
2025-12-13 19:24:26,469 [INFO]       β… μƒμ„± μ„±κ³µ! (5κ°)
2025-12-13 19:24:27,474 [INFO]    π”„ μƒμ„± μ‹λ„: [aespa-Ningning] PRAISE_VISUAL (μ‹λ„ 1/3)
2025-12-13 19:24:29,543 [INFO]       β… μƒμ„± μ„±κ³µ! (5κ°)
2025-12-13 19:24:30,552 [INFO] π’Ύ μ¤‘κ°„ μ €μ¥ μ™„λ£ (aespa)
2025-12-13 19:24:30,552 [INFO]    π”„ μƒμ„± μ‹λ„: [aespa-All] PRAISE_FACE (μ‹λ„ 1/3)
2025-12-13 19:24:32,714 [INFO]       β… μƒμ„± μ„±κ³µ! (5κ°)
2025-12-13 19:24:34,215 [INFO]    π”„ μƒμ„± μ‹λ„: [aespa-Karina] PRAISE_FACE (μ‹λ„ 1/3)
2025-12-13 19:24:36,299 [INFO]       β… μƒμ„± μ„±κ³µ! (5κ°)
2025-12-13 19:24:37,301 [INFO]    π”„ μƒμ„± μ‹λ„: [aespa-Giselle] PRAISE_FACE (μ‹λ„ 1/3)
2025-12-13 19:24:39,575 [INFO]       β… μƒμ„± μ„±κ³µ! (5κ°)
2025-12-13 19:24:40,577 [INFO]    π”„ μƒμ„± μ‹λ„: [aespa-Winter] PRAISE_FACE (μ‹λ„ 1/3)
2025-12-13 19:24:42,648 [INFO]       β… μƒμ„± μ„±κ³µ! (5κ°)
2025-12-13 19:24:43,649 [INFO]    π”„ μƒμ„± μ‹λ„: [aespa-Ningning] PRAISE_FACE (μ‹λ„ 1/3)
2025-12-13 19:24:45,703 [INFO]       β… μƒμ„± μ„±κ³µ! (5κ°)
2025-12-13 19:24:46,708 [INFO] π’Ύ μ¤‘κ°„ μ €μ¥ μ™„λ£ (aespa)
2025-12-13 19:24:46,708 [INFO]    π”„ μƒμ„± μ‹λ„: [aespa-All] REQ_HEART (μ‹λ„ 1/3)
2025-12-13 19:24:49,183 [INFO]       β… μƒμ„± μ„±κ³µ! (5κ°)
2025-12-13 19:24:50,688 [INFO]    π”„ μƒμ„± μ‹λ„: [aespa-Karina] REQ_HEART (μ‹λ„ 1/3)
2025-12-13 19:24:53,398 [INFO]       β… μƒμ„± μ„±κ³µ! (5κ°)
2025-12-13 19:24:54,399 [INFO]    π”„ μƒμ„± μ‹λ„: [aespa-Giselle] REQ_HEART (μ‹λ„ 1/3)
2025-12-13 19:24:56,985 [INFO]       β… μƒμ„± μ„±κ³µ! (5κ°)
2025-12-13 19:24:57,990 [INFO]    π”„ μƒμ„± μ‹λ„: [aespa-Winter] REQ_HEART (μ‹λ„ 1/3)
2025-12-13 19:25:00,156 [INFO]       β… μƒμ„± μ„±κ³µ! (5κ°)
2025-12-13 19:25:01,160 [INFO]    π”„ μƒμ„± μ‹λ„: [aespa-Ningning] REQ_HEART (μ‹λ„ 1/3)
2025-12-13 19:25:04,048 [INFO]       β… μƒμ„± μ„±κ³µ! (5κ°)
2025-12-13 19:25:05,055 [INFO] π’Ύ μ¤‘κ°„ μ €μ¥ μ™„λ£ (aespa)
2025-12-13 19:25:05,055 [INFO]    π”„ μƒμ„± μ‹λ„: [aespa-All] HEALTH_EAT (μ‹λ„ 1/3)
2025-12-13 19:25:07,735 [INFO]       β… μƒμ„± μ„±κ³µ! (5κ°)
2025-12-13 19:25:09,240 [INFO]    π”„ μƒμ„± μ‹λ„: [aespa-Karina] HEALTH_EAT (μ‹λ„ 1/3)
2025-12-13 19:25:11,933 [INFO]       β… μƒμ„± μ„±κ³µ! (5κ°)
2025-12-13 19:25:12,938 [INFO]    π”„ μƒμ„± μ‹λ„: [aespa-Giselle] HEALTH_EAT (μ‹λ„ 1/3)
2025-12-13 19:25:15,998 [INFO]       β… μƒμ„± μ„±κ³µ! (5κ°)
2025-12-13 19:25:17,004 [INFO]    π”„ μƒμ„± μ‹λ„: [aespa-Winter] HEALTH_EAT (μ‹λ„ 1/3)
2025-12-13 19:25:19,817 [INFO]       β… μƒμ„± μ„±κ³µ! (5κ°)
2025-12-13 19:25:20,822 [INFO]    π”„ μƒμ„± μ‹λ„: [aespa-Ningning] HEALTH_EAT (μ‹λ„ 1/3)
2025-12-13 19:25:23,401 [INFO]       β… μƒμ„± μ„±κ³µ! (5κ°)
2025-12-13 19:25:24,405 [INFO] π’Ύ μ¤‘κ°„ μ €μ¥ μ™„λ£ (aespa)
2025-12-13 19:25:24,405 [INFO]    π”„ μƒμ„± μ‹λ„: [aespa-All] HEALTH_CARE (μ‹λ„ 1/3)
2025-12-13 19:25:26,547 [INFO]       β… μƒμ„± μ„±κ³µ! (5κ°)
2025-12-13 19:25:28,052 [INFO]    π”„ μƒμ„± μ‹λ„: [aespa-Karina] HEALTH_CARE (μ‹λ„ 1/3)
2025-12-13 19:25:30,179 [INFO]       β… μƒμ„± μ„±κ³µ! (5κ°)
2025-12-13 19:25:31,184 [INFO]    π”„ μƒμ„± μ‹λ„: [aespa-Giselle] HEALTH_CARE (μ‹λ„ 1/3)
2025-12-13 19:25:33,948 [INFO]       β… μƒμ„± μ„±κ³µ! (5κ°)
2025-12-13 19:25:34,953 [INFO]    π”„ μƒμ„± μ‹λ„: [aespa-Winter] HEALTH_CARE (μ‹λ„ 1/3)
2025-12-13 19:25:38,226 [INFO]       β… μƒμ„± μ„±κ³µ! (5κ°)
2025-12-13 19:25:39,232 [INFO]    π”„ μƒμ„± μ‹λ„: [aespa-Ningning] HEALTH_CARE (μ‹λ„ 1/3)
2025-12-13 19:25:42,755 [INFO]       β… μƒμ„± μ„±κ³µ! (5κ°)
2025-12-13 19:25:43,765 [INFO] π’Ύ μ¤‘κ°„ μ €μ¥ μ™„λ£ (aespa)
2025-12-13 19:25:43,765 [INFO]    π”„ μƒμ„± μ‹λ„: [aespa-All] GREET_JOB (μ‹λ„ 1/3)
2025-12-13 19:25:46,046 [INFO]       β… μƒμ„± μ„±κ³µ! (5κ°)
2025-12-13 19:25:47,549 [INFO]    π”„ μƒμ„± μ‹λ„: [aespa-Karina] GREET_JOB (μ‹λ„ 1/3)
2025-12-13 19:25:49,821 [INFO]       β… μƒμ„± μ„±κ³µ! (5κ°)
2025-12-13 19:25:50,827 [INFO]    π”„ μƒμ„± μ‹λ„: [aespa-Giselle] GREET_JOB (μ‹λ„ 1/3)
2025-12-13 19:25:53,814 [INFO]       β… μƒμ„± μ„±κ³µ! (5κ°)
2025-12-13 19:25:54,818 [INFO]    π”„ μƒμ„± μ‹λ„: [aespa-Winter] GREET_JOB (μ‹λ„ 1/3)
2025-12-13 19:25:56,783 [INFO]       β… μƒμ„± μ„±κ³µ! (5κ°)
2025-12-13 19:25:57,788 [INFO]    π”„ μƒμ„± μ‹λ„: [aespa-Ningning] GREET_JOB (μ‹λ„ 1/3)
2025-12-13 19:26:00,826 [INFO]       β… μƒμ„± μ„±κ³µ! (5κ°)
2025-12-13 19:26:01,837 [INFO] π’Ύ μ¤‘κ°„ μ €μ¥ μ™„λ£ (aespa)
2025-12-13 19:26:01,842 [INFO] π’Ύ μ¤‘κ°„ μ €μ¥ μ™„λ£ (aespa)
2025-12-13 19:26:01,845 [INFO] π’Ύ μ¤‘κ°„ μ €μ¥ μ™„λ£ (aespa)
2025-12-13 19:26:01,848 [INFO] π’Ύ μ¤‘κ°„ μ €μ¥ μ™„λ£ (aespa)
2025-12-13 19:26:01,851 [INFO] π’Ύ μ¤‘κ°„ μ €μ¥ μ™„λ£ (aespa)
2025-12-13 19:26:01,854 [INFO] π’Ύ μ¤‘κ°„ μ €μ¥ μ™„λ£ (aespa)
2025-12-13 19:26:01,857 [INFO] π’Ύ μ¤‘κ°„ μ €μ¥ μ™„λ£ (aespa)
2025-12-13 19:26:01,860 [INFO] π’Ύ μ¤‘κ°„ μ €μ¥ μ™„λ£ (aespa)
2025-12-13 19:26:01,862 [INFO] π’Ύ μ¤‘κ°„ μ €μ¥ μ™„λ£ (aespa)
2025-12-13 19:26:01,866 [INFO] π’Ύ μ¤‘κ°„ μ €μ¥ μ™„λ£ (aespa)
2025-12-13 19:26:01,869 [INFO] π’Ύ μ¤‘κ°„ μ €μ¥ μ™„λ£ (aespa)
2025-12-13 19:26:01,872 [INFO] π’Ύ μ¤‘κ°„ μ €μ¥ μ™„λ£ (aespa)
2025-12-13 19:26:01,876 [INFO] π’Ύ μ¤‘κ°„ μ €μ¥ μ™„λ£ (aespa)
2025-12-13 19:26:01,879 [INFO] π’Ύ μ¤‘κ°„ μ €μ¥ μ™„λ£ (aespa)
2025-12-13 19:26:01,883 [INFO] π’Ύ μ¤‘κ°„ μ €μ¥ μ™„λ£ (aespa)
2025-12-13 19:26:01,886 [INFO] π‰ [aespa] μ²λ¦¬ μ™„λ£. νμΌ μ €μ¥λ¨.
2025-12-13 19:26:01,887 [INFO] π λ¨λ“  μ‘μ—…μ΄ μΆ…λ£λμ—μµλ‹λ‹¤.
